::1 ::1 - - [28/Oct/2024:10:09:16 +0000] "GET /products HTTP/1.1" 200 34819 {"_id":"","groupId":"6702f6ff757dac373460a45","question":"dsdsd","answer":"asdasdasd","display":true,"priority":0,"createdAt":""}
::1 ::1 - - [29/Oct/2024:08:24:27 +0000] "GET /products HTTP/1.1" 200 34819 {"_id":"","groupId":"6702f6ff757dac373460a45","question":"dsdsd","answer":"asdasdasd","display":true,"priority":0,"createdAt":""}
::1 ::1 - - [29/Oct/2024:08:24:37 +0000] "POST /faqs HTTP/1.1" 400 16 {"_id":"","groupId":"6702f6ff757dac373460a45","question":"dsdsd","answer":"asdasdasd","display":true,"priority":0,"createdAt":""}
::1 ::1 - - [29/Oct/2024:08:26:09 +0000] "GET /faqs-group HTTP/1.1" 404 149 {"_id":"","groupId":"6702f6ff757dac373460a45","question":"dsdsd","answer":"asdasdasd","display":true,"priority":0,"createdAt":""}
::1 ::1 - - [29/Oct/2024:08:26:18 +0000] "GET /faqgroups HTTP/1.1" 200 4325 {"_id":"","groupId":"6702f6ff757dac373460a45","question":"dsdsd","answer":"asdasdasd","display":true,"priority":0,"createdAt":""}
::1 ::1 - - [29/Oct/2024:08:26:26 +0000] "GET /faqs HTTP/1.1" 200 6717 {"_id":"","groupId":"6702f6ff757dac373460a45","question":"dsdsd","answer":"asdasdasd","display":true,"priority":0,"createdAt":""}
::1 ::1 - - [29/Oct/2024:08:26:32 +0000] "GET /faqs HTTP/1.1" 200 6717 {"_id":"","groupId":"6702f6e8757dac373460a144","question":"dsdsd","answer":"asdasdasd","display":true,"priority":0,"createdAt":""}
::1 ::1 - - [29/Oct/2024:08:26:36 +0000] "POST /faqs HTTP/1.1" 200 61 {"_id":"","groupId":"6702f6e8757dac373460a144","question":"dsdsd","answer":"asdasdasd","display":true,"priority":0,"createdAt":""}
::1 ::1 - - [29/Oct/2024:08:28:06 +0000] "POST /faqs HTTP/1.1" 200 61 {"_id":"","groupId":"6702f6e8757dac373460a144","question":"dsdsd","answer":"asdasdasd","display":true,"priority":0,"createdAt":""}
::1 ::1 - - [29/Oct/2024:08:28:12 +0000] "POST /faqs HTTP/1.1" 400 16 {"_id":"","groupId":"6702f6e8757dac373460a4","question":"dsdsd","answer":"asdasdasd","display":true,"priority":0,"createdAt":""}
::1 ::1 - - [29/Oct/2024:08:28:52 +0000] "POST /faqs HTTP/1.1" 400 16 {"_id":"","groupId":"6702f6e8757dac373460a4","question":"dsdsd","answer":"asdasdasd","display":true,"priority":0,"createdAt":""}
::1 ::1 - - [29/Oct/2024:08:28:55 +0000] "POST /faqs HTTP/1.1" 200 61 {"_id":"","groupId":"6702f6e8757dac373460a144","question":"dsdsd","answer":"asdasdasd","display":true,"priority":0,"createdAt":""}
::1 ::1 - - [29/Oct/2024:08:29:17 +0000] "POST /faqs HTTP/1.1" 200 61 {"_id":"","groupId":"6702f6e8757dac373460a144","question":"dsdsd","answer":"asdasdasd","display":true,"priority":0,"createdAt":""}
::1 ::1 - - [29/Oct/2024:08:29:20 +0000] "POST /faqs HTTP/1.1" 400 16 {"_id":"","groupId":"6702f6e8460a144","question":"dsdsd","answer":"asdasdasd","display":true,"priority":0,"createdAt":""}
::1 ::1 - - [30/Oct/2024:07:43:17 +0000] "GET /faqs HTTP/1.1" 200 7877 {"_id":"","groupId":"6702f6e8460a144","question":"dsdsd","answer":"asdasdasd","display":true,"priority":0,"createdAt":""}
::1 ::1 - - [31/Oct/2024:13:50:11 +0000] "GET /init HTTP/1.1" 200 17634 {}
::1 ::1 - - [31/Oct/2024:13:50:20 +0000] "GET /data/uploads/re_company-1.jpg HTTP/1.1" 200 15495 {}
::1 ::1 - - [31/Oct/2024:13:50:20 +0000] "GET /data/uploads/re_company-2.jpg HTTP/1.1" 200 18014 {}
::1 ::1 - - [31/Oct/2024:13:50:20 +0000] "GET /data/uploads/1727387458745.png HTTP/1.1" 404 169 {}
::1 ::1 - - [31/Oct/2024:13:50:20 +0000] "GET /data/uploads/re_company-3.jpg HTTP/1.1" 200 21887 {}
::1 ::1 - - [31/Oct/2024:13:50:20 +0000] "GET /data/uploads/1727387417666.png HTTP/1.1" 404 169 {}
::1 ::1 - - [31/Oct/2024:13:50:20 +0000] "GET /data/uploads/1728749804379.png HTTP/1.1" 404 169 {}
::1 ::1 - - [31/Oct/2024:13:50:20 +0000] "GET /data/uploads/re_avatar-3.jpg HTTP/1.1" 200 12011 {}
::1 ::1 - - [31/Oct/2024:13:50:20 +0000] "GET /data/uploads/ HTTP/1.1" 404 152 {}
::1 ::1 - - [31/Oct/2024:13:50:20 +0000] "GET /data/uploads/1727387436815.png HTTP/1.1" 404 169 {}
::1 ::1 - - [31/Oct/2024:13:50:20 +0000] "GET /data/uploads/1727387396266.png HTTP/1.1" 404 169 {}
::1 ::1 - - [31/Oct/2024:13:50:20 +0000] "GET /data/uploads/1728842292523.png HTTP/1.1" 404 169 {}
::1 ::1 - - [31/Oct/2024:13:50:20 +0000] "GET /data/uploads/1728842070375.png HTTP/1.1" 404 169 {}
::1 ::1 - - [31/Oct/2024:13:50:46 +0000] "GET /init HTTP/1.1" 200 17634 {}
::1 ::1 - - [31/Oct/2024:13:50:54 +0000] "GET /data/uploads/ HTTP/1.1" 404 152 {}
::1 ::1 - - [31/Oct/2024:13:51:05 +0000] "GET /data/uploads/ HTTP/1.1" 404 152 {}
::1 ::1 - - [31/Oct/2024:13:51:05 +0000] "GET /data/uploads/ HTTP/1.1" 404 152 {}
::1 ::1 - - [31/Oct/2024:13:51:12 +0000] "GET /init HTTP/1.1" 200 17634 {}
::1 ::1 - - [31/Oct/2024:13:51:17 +0000] "GET /init HTTP/1.1" 200 17634 {}
::1 ::1 - - [31/Oct/2024:13:51:25 +0000] "GET /data/uploads/re_company-1.jpg HTTP/1.1" 200 15495 {}
::1 ::1 - - [31/Oct/2024:13:51:25 +0000] "GET /data/uploads/re_company-2.jpg HTTP/1.1" 200 18014 {}
::1 ::1 - - [31/Oct/2024:13:51:25 +0000] "GET /data/uploads/1728749804379.png HTTP/1.1" 404 169 {}
::1 ::1 - - [31/Oct/2024:13:51:25 +0000] "GET /data/uploads/1727387458745.png HTTP/1.1" 404 169 {}
::1 ::1 - - [31/Oct/2024:13:51:25 +0000] "GET /data/uploads/re_company-3.jpg HTTP/1.1" 200 21887 {}
::1 ::1 - - [31/Oct/2024:13:51:25 +0000] "GET /data/uploads/re_avatar-3.jpg HTTP/1.1" 200 12011 {}
::1 ::1 - - [31/Oct/2024:13:51:25 +0000] "GET /data/uploads/1727387436815.png HTTP/1.1" 404 169 {}
::1 ::1 - - [31/Oct/2024:13:51:25 +0000] "GET /data/uploads/ HTTP/1.1" 404 152 {}
::1 ::1 - - [31/Oct/2024:13:51:25 +0000] "GET /data/uploads/1727387417666.png HTTP/1.1" 404 169 {}
::1 ::1 - - [31/Oct/2024:13:51:25 +0000] "GET /data/uploads/1727387396266.png HTTP/1.1" 404 169 {}
::1 ::1 - - [31/Oct/2024:13:51:25 +0000] "GET /data/uploads/1728842292523.png HTTP/1.1" 404 169 {}
::1 ::1 - - [31/Oct/2024:13:51:25 +0000] "GET /data/uploads/1728842070375.png HTTP/1.1" 404 169 {}
::1 ::1 - - [31/Oct/2024:14:04:00 +0000] "GET /init HTTP/1.1" 200 17634 {}
::1 ::1 - - [31/Oct/2024:14:04:07 +0000] "GET /data/uploads/re_company-1.jpg HTTP/1.1" 200 15495 {}
::1 ::1 - - [31/Oct/2024:14:04:07 +0000] "GET /data/uploads/re_company-2.jpg HTTP/1.1" 200 18014 {}
::1 ::1 - - [31/Oct/2024:14:04:07 +0000] "GET /data/uploads/1728749804379.png HTTP/1.1" 404 169 {}
::1 ::1 - - [31/Oct/2024:14:04:07 +0000] "GET /data/uploads/1727387458745.png HTTP/1.1" 404 169 {}
::1 ::1 - - [31/Oct/2024:14:04:07 +0000] "GET /data/uploads/re_avatar-3.jpg HTTP/1.1" 200 12011 {}
::1 ::1 - - [31/Oct/2024:14:04:08 +0000] "GET /data/uploads/ HTTP/1.1" 404 152 {}
::1 ::1 - - [31/Oct/2024:14:04:08 +0000] "GET /data/uploads/re_company-3.jpg HTTP/1.1" 200 21887 {}
::1 ::1 - - [31/Oct/2024:14:04:08 +0000] "GET /data/uploads/1727387417666.png HTTP/1.1" 404 169 {}
::1 ::1 - - [31/Oct/2024:14:04:08 +0000] "GET /data/uploads/1727387436815.png HTTP/1.1" 404 169 {}
::1 ::1 - - [31/Oct/2024:14:04:08 +0000] "GET /data/uploads/1727387396266.png HTTP/1.1" 404 169 {}
::1 ::1 - - [31/Oct/2024:14:04:08 +0000] "GET /data/uploads/1728842292523.png HTTP/1.1" 404 169 {}
::1 ::1 - - [31/Oct/2024:14:04:08 +0000] "GET /data/uploads/1728842070375.png HTTP/1.1" 404 169 {}
::1 ::1 - - [31/Oct/2024:14:04:16 +0000] "GET /api/wbproducts/670a964efb1fba3df376b6e9 HTTP/1.1" 200 1415 {}
::1 ::1 - - [31/Oct/2024:14:04:16 +0000] "GET /data/uploads/re_avatar-4.jpg HTTP/1.1" 200 11981 {}
::1 ::1 - - [31/Oct/2024:14:04:16 +0000] "GET /data/uploads/re_avatar-5.jpg HTTP/1.1" 200 12611 {}
::1 ::1 - - [31/Oct/2024:14:04:16 +0000] "GET /api/wbproducts/search?name=Go%20West&brands=&priceMin=0&priceMax=100000000 HTTP/1.1" 200 394 {}
::1 ::1 - - [31/Oct/2024:14:04:16 +0000] "GET /api/wbproducts/search?name=Go%20West&brands=&priceMin=0&priceMax=100000000 HTTP/1.1" 304 - {}
::1 ::1 - - [31/Oct/2024:14:04:55 +0000] "GET /api/wbproducts/search?name=Go%20West&brands=&priceMin=0&priceMax=100000000 HTTP/1.1" 304 - {}
::1 ::1 - - [31/Oct/2024:14:04:57 +0000] "GET /api/wbproducts/670a964efb1fba3df376b6e9 HTTP/1.1" 200 1415 {}
::1 ::1 - - [31/Oct/2024:14:05:03 +0000] "GET /api/wbproducts/search?name=Go%20West&brands=&priceMin=0&priceMax=100000000 HTTP/1.1" 304 - {}
::1 ::1 - - [31/Oct/2024:14:05:03 +0000] "GET /api/wbproducts/search?name=Go%20West&brands=&priceMin=0&priceMax=100000000 HTTP/1.1" 304 - {}
::1 ::1 - - [31/Oct/2024:14:06:27 +0000] "GET /init HTTP/1.1" 200 17634 {}
::1 ::1 - - [31/Oct/2024:14:06:28 +0000] "GET /data/uploads/1728749804379.png HTTP/1.1" 404 169 {}
::1 ::1 - - [31/Oct/2024:14:06:28 +0000] "GET /data/uploads/1727387458745.png HTTP/1.1" 404 169 {}
::1 ::1 - - [31/Oct/2024:14:06:28 +0000] "GET /data/uploads/1727387436815.png HTTP/1.1" 404 169 {}
::1 ::1 - - [31/Oct/2024:14:06:28 +0000] "GET /data/uploads/re_company-1.jpg HTTP/1.1" 200 15495 {}
::1 ::1 - - [31/Oct/2024:14:06:28 +0000] "GET /data/uploads/re_company-2.jpg HTTP/1.1" 200 18014 {}
::1 ::1 - - [31/Oct/2024:14:06:28 +0000] "GET /data/uploads/re_company-3.jpg HTTP/1.1" 200 21887 {}
::1 ::1 - - [31/Oct/2024:14:06:28 +0000] "GET /data/uploads/ HTTP/1.1" 404 152 {}
::1 ::1 - - [31/Oct/2024:14:06:28 +0000] "GET /data/uploads/1727387417666.png HTTP/1.1" 404 169 {}
::1 ::1 - - [31/Oct/2024:14:06:28 +0000] "GET /data/uploads/1727387396266.png HTTP/1.1" 404 169 {}
::1 ::1 - - [31/Oct/2024:14:06:28 +0000] "GET /data/uploads/1728842292523.png HTTP/1.1" 404 169 {}
::1 ::1 - - [31/Oct/2024:14:06:28 +0000] "GET /data/uploads/1728842070375.png HTTP/1.1" 404 169 {}
::1 ::1 - - [31/Oct/2024:14:08:11 +0000] "GET /init HTTP/1.1" 200 17634 {}
::1 ::1 - - [31/Oct/2024:14:08:21 +0000] "GET /data/uploads/re_company-1.jpg HTTP/1.1" 200 15495 {}
::1 ::1 - - [31/Oct/2024:14:08:21 +0000] "GET /data/uploads/re_company-2.jpg HTTP/1.1" 200 18014 {}
::1 ::1 - - [31/Oct/2024:14:08:21 +0000] "GET /data/uploads/re_company-3.jpg HTTP/1.1" 200 21887 {}
::1 ::1 - - [31/Oct/2024:14:08:21 +0000] "GET /data/uploads/re_avatar-3.jpg HTTP/1.1" 200 12011 {}
::1 ::1 - - [31/Oct/2024:14:08:21 +0000] "GET /data/uploads/1728749804379.png HTTP/1.1" 404 169 {}
::1 ::1 - - [31/Oct/2024:14:08:21 +0000] "GET /data/uploads/1727387458745.png HTTP/1.1" 404 169 {}
::1 ::1 - - [31/Oct/2024:14:08:21 +0000] "GET /data/uploads/1727387436815.png HTTP/1.1" 404 169 {}
::1 ::1 - - [31/Oct/2024:14:08:21 +0000] "GET /data/uploads/1727387417666.png HTTP/1.1" 404 169 {}
::1 ::1 - - [31/Oct/2024:14:08:21 +0000] "GET /data/uploads/1727387396266.png HTTP/1.1" 404 169 {}
::1 ::1 - - [31/Oct/2024:14:08:21 +0000] "GET /data/uploads/ HTTP/1.1" 404 152 {}
::1 ::1 - - [31/Oct/2024:14:08:21 +0000] "GET /data/uploads/1728842292523.png HTTP/1.1" 404 169 {}
::1 ::1 - - [31/Oct/2024:14:08:21 +0000] "GET /data/uploads/1728842070375.png HTTP/1.1" 404 169 {}
::1 ::1 - - [31/Oct/2024:14:08:31 +0000] "GET /data/uploads/ HTTP/1.1" 404 152 {}
::1 ::1 - - [31/Oct/2024:14:08:31 +0000] "GET /data/uploads/ HTTP/1.1" 404 152 {}
::1 ::1 - - [31/Oct/2024:14:08:41 +0000] "GET /init HTTP/1.1" 200 17634 {}
::1 ::1 - - [31/Oct/2024:14:08:47 +0000] "GET /init HTTP/1.1" 200 17634 {}
::1 ::1 - - [31/Oct/2024:14:08:54 +0000] "GET /data/uploads/ HTTP/1.1" 404 152 {}
::1 ::1 - - [31/Oct/2024:14:15:04 +0000] "GET /init HTTP/1.1" 200 17634 {}
::1 ::1 - - [31/Oct/2024:14:15:07 +0000] "GET /init HTTP/1.1" 200 17634 {}
::1 ::1 - - [31/Oct/2024:15:08:22 +0000] "POST /uploads/ HTTP/1.1" 200 112 {"files":"undefined"}
::1 ::1 - - [31/Oct/2024:15:08:23 +0000] "GET /data/uploads/re_Capture.PNG HTTP/1.1" 200 6336 {}
::1 ::1 - - [31/Oct/2024:15:08:23 +0000] "GET /data/uploads/re_Captured.PNG HTTP/1.1" 200 10658 {}
::1 ::1 - - [31/Oct/2024:15:09:48 +0000] "POST /uploads/ HTTP/1.1" 200 112 {"files":"undefined"}
::1 ::1 - - [31/Oct/2024:15:09:48 +0000] "GET /data/uploads/re_Capture.PNG HTTP/1.1" 200 6336 {}
::1 ::1 - - [31/Oct/2024:15:09:48 +0000] "GET /data/uploads/re_Captured.PNG HTTP/1.1" 200 10658 {}
::1 ::1 - - [31/Oct/2024:15:11:45 +0000] "GET /data/uploads/re_Capture.PNG HTTP/1.1" 304 - {}
::1 ::1 - - [31/Oct/2024:15:11:45 +0000] "GET /data/uploads/re_Captured.PNG HTTP/1.1" 304 - {}
::1 ::1 - - [31/Oct/2024:15:11:58 +0000] "POST /uploads/ HTTP/1.1" 200 62 {"files":["undefined","undefined"]}
::1 ::1 - - [31/Oct/2024:15:12:31 +0000] "POST /uploads/ HTTP/1.1" 200 62 {"files":["undefined","undefined"]}
::1 ::1 - - [31/Oct/2024:15:12:31 +0000] "GET /data/uploads/re_Captured.PNG HTTP/1.1" 200 10658 {}
::1 ::1 - - [31/Oct/2024:15:12:53 +0000] "GET /data/uploads/re_Captured.PNG HTTP/1.1" 200 10658 {}
::1 ::1 - - [31/Oct/2024:15:12:58 +0000] "POST /uploads/ HTTP/1.1" 200 62 {"files":["undefined","undefined"]}
::1 ::1 - - [31/Oct/2024:15:13:35 +0000] "POST /uploads/ HTTP/1.1" 200 62 {"files":["undefined","undefined"]}
::1 ::1 - - [31/Oct/2024:15:13:35 +0000] "GET /data/uploads/re_Captured.PNG HTTP/1.1" 200 10658 {}
::1 ::1 - - [31/Oct/2024:15:13:54 +0000] "POST /uploads/ HTTP/1.1" 200 12 {"files":["undefined","undefined","undefined"]}
::1 ::1 - - [31/Oct/2024:15:13:59 +0000] "POST /uploads/ HTTP/1.1" 200 62 {"files":["undefined","undefined"]}
::1 ::1 - - [31/Oct/2024:15:13:59 +0000] "GET /data/uploads/re_Captured.PNG HTTP/1.1" 200 10658 {}
::1 ::1 - - [31/Oct/2024:15:14:18 +0000] "POST /uploads/ HTTP/1.1" 200 62 {"files":["undefined","undefined"]}
::1 ::1 - - [31/Oct/2024:15:14:18 +0000] "GET /data/uploads/re_Captured.PNG HTTP/1.1" 200 10658 {}
::1 ::1 - - [31/Oct/2024:15:14:34 +0000] "POST /uploads/ HTTP/1.1" 200 112 {"files":"undefined"}
::1 ::1 - - [31/Oct/2024:15:14:34 +0000] "GET /data/uploads/re_Capture.PNG HTTP/1.1" 200 6336 {}
::1 ::1 - - [31/Oct/2024:15:14:34 +0000] "GET /data/uploads/re_Captured.PNG HTTP/1.1" 200 10658 {}
::1 ::1 - - [31/Oct/2024:15:15:05 +0000] "GET /data/uploads/re_Capture.PNG HTTP/1.1" 304 - {}
::1 ::1 - - [31/Oct/2024:15:15:05 +0000] "GET /data/uploads/re_Captured.PNG HTTP/1.1" 304 - {}
::1 ::1 - - [31/Oct/2024:15:15:10 +0000] "POST /uploads/ HTTP/1.1" 200 112 {"files":"undefined"}
::1 ::1 - - [31/Oct/2024:15:15:34 +0000] "POST /uploads/ HTTP/1.1" 200 112 {"files":"undefined"}
::1 ::1 - - [31/Oct/2024:15:15:34 +0000] "GET /data/uploads/re_Capture.PNG HTTP/1.1" 200 6336 {}
::1 ::1 - - [31/Oct/2024:15:15:34 +0000] "GET /data/uploads/re_Captured.PNG HTTP/1.1" 200 10658 {}
::1 ::1 - - [31/Oct/2024:15:16:39 +0000] "POST /uploads/ HTTP/1.1" 200 112 {"files":"undefined"}
::1 ::1 - - [31/Oct/2024:15:16:39 +0000] "GET /data/uploads/re_Capture.PNG HTTP/1.1" 200 6336 {}
::1 ::1 - - [31/Oct/2024:15:16:39 +0000] "GET /data/uploads/re_Captured.PNG HTTP/1.1" 200 10658 {}
::1 ::1 - - [31/Oct/2024:15:17:15 +0000] "POST /uploads/ HTTP/1.1" 200 12 {"files":["undefined","undefined","undefined"]}
::1 ::1 - - [31/Oct/2024:15:17:20 +0000] "POST /uploads/ HTTP/1.1" 200 112 {"files":"undefined"}
::1 ::1 - - [31/Oct/2024:15:17:20 +0000] "GET /data/uploads/re_Capture.PNG HTTP/1.1" 200 6336 {}
::1 ::1 - - [31/Oct/2024:15:17:20 +0000] "GET /data/uploads/re_Captured.PNG HTTP/1.1" 200 10658 {}
::1 ::1 - - [31/Oct/2024:15:17:37 +0000] "POST /uploads/ HTTP/1.1" 200 112 {"files":"undefined"}
::1 ::1 - - [31/Oct/2024:15:17:37 +0000] "GET /data/uploads/re_Capture.PNG HTTP/1.1" 200 6336 {}
::1 ::1 - - [31/Oct/2024:15:17:37 +0000] "GET /data/uploads/re_Captured.PNG HTTP/1.1" 200 10658 {}
::1 ::1 - - [31/Oct/2024:15:17:58 +0000] "POST /uploads/ HTTP/1.1" 200 62 {"files":["undefined","undefined"]}
::1 ::1 - - [31/Oct/2024:15:17:58 +0000] "GET /data/uploads/re_Captured.PNG HTTP/1.1" 200 10658 {}
::1 ::1 - - [31/Oct/2024:15:18:16 +0000] "POST /uploads/ HTTP/1.1" 200 62 {"files":["undefined","undefined"]}
::1 ::1 - - [31/Oct/2024:15:18:16 +0000] "GET /data/uploads/re_Captured.PNG HTTP/1.1" 200 10658 {}
::1 ::1 - - [31/Oct/2024:15:20:02 +0000] "POST /uploads/ HTTP/1.1" 200 112 {"files":"undefined"}
::1 ::1 - - [31/Oct/2024:15:20:02 +0000] "GET /data/uploads/re_Captured.PNG HTTP/1.1" 200 10658 {}
::1 ::1 - - [31/Oct/2024:15:20:02 +0000] "GET /data/uploads/re_Capture.PNG HTTP/1.1" 200 6336 {}
::1 ::1 - - [31/Oct/2024:15:22:35 +0000] "POST /uploads/ HTTP/1.1" 200 12 {"files":["undefined","undefined","undefined"]}
::1 ::1 - - [31/Oct/2024:15:22:39 +0000] "POST /uploads/ HTTP/1.1" 200 62 {"files":["undefined","undefined"]}
::1 ::1 - - [31/Oct/2024:15:22:39 +0000] "GET /data/uploads/re_Captured.PNG HTTP/1.1" 200 10658 {}
::1 ::1 - - [31/Oct/2024:15:23:01 +0000] "POST /uploads/ HTTP/1.1" 200 62 {"files":["undefined","undefined"]}
::1 ::1 - - [31/Oct/2024:15:23:01 +0000] "GET /data/uploads/re_Captured.PNG HTTP/1.1" 200 10658 {}
::1 ::1 - - [31/Oct/2024:15:23:46 +0000] "POST /uploads/ HTTP/1.1" 200 62 {"files":["undefined","undefined"]}
::1 ::1 - - [31/Oct/2024:15:23:46 +0000] "GET /data/uploads/re_Captured.PNG HTTP/1.1" 200 10658 {}
::1 ::1 - - [31/Oct/2024:15:24:04 +0000] "POST /uploads/ HTTP/1.1" 200 62 {"files":["undefined","undefined"]}
::1 ::1 - - [31/Oct/2024:15:24:04 +0000] "GET /data/uploads/re_Captured.PNG HTTP/1.1" 200 10658 {}
::1 ::1 - - [31/Oct/2024:15:24:18 +0000] "POST /uploads/ HTTP/1.1" 200 62 {"files":["undefined","undefined"]}
::1 ::1 - - [31/Oct/2024:15:24:18 +0000] "GET /data/uploads/re_Captured.PNG HTTP/1.1" 200 10658 {}
::1 ::1 - - [31/Oct/2024:15:24:33 +0000] "POST /uploads/ HTTP/1.1" 200 62 {"files":["undefined","undefined"]}
::1 ::1 - - [31/Oct/2024:15:24:33 +0000] "GET /data/uploads/re_Captured.PNG HTTP/1.1" 200 10658 {}
::1 ::1 - - [31/Oct/2024:15:24:57 +0000] "POST /uploads/ HTTP/1.1" 200 62 {"files":["undefined","undefined"]}
::1 ::1 - - [31/Oct/2024:15:24:57 +0000] "GET /data/uploads/re_Captured.PNG HTTP/1.1" 200 10658 {}
::1 ::1 - - [31/Oct/2024:15:25:15 +0000] "POST /uploads/ HTTP/1.1" 200 62 {"files":["undefined","undefined"]}
::1 ::1 - - [31/Oct/2024:15:25:16 +0000] "GET /data/uploads/re_Captured.PNG HTTP/1.1" 200 10658 {}
::1 ::1 - - [31/Oct/2024:15:25:30 +0000] "POST /uploads/ HTTP/1.1" 200 62 {"files":["undefined","undefined"]}
::1 ::1 - - [31/Oct/2024:15:25:30 +0000] "GET /data/uploads/re_Captured.PNG HTTP/1.1" 200 10658 {}
::1 ::1 - - [31/Oct/2024:15:25:54 +0000] "POST /uploads/ HTTP/1.1" 200 62 {"files":["undefined","undefined"]}
::1 ::1 - - [31/Oct/2024:15:25:54 +0000] "GET /data/uploads/re_Captured.PNG HTTP/1.1" 200 10658 {}
::1 ::1 - - [31/Oct/2024:15:26:23 +0000] "POST /uploads/ HTTP/1.1" 200 62 {"files":["undefined","undefined"]}
::1 ::1 - - [31/Oct/2024:15:26:23 +0000] "GET /data/uploads/re_Captured.PNG HTTP/1.1" 200 10658 {}
::1 ::1 - - [31/Oct/2024:15:26:47 +0000] "POST /uploads/ HTTP/1.1" 200 62 {"files":["undefined","undefined"]}
::1 ::1 - - [31/Oct/2024:15:26:47 +0000] "GET /data/uploads/re_Captured.PNG HTTP/1.1" 200 10658 {}
::1 ::1 - - [31/Oct/2024:15:27:07 +0000] "POST /uploads/ HTTP/1.1" 200 62 {"files":["undefined","undefined"]}
::1 ::1 - - [31/Oct/2024:15:27:07 +0000] "GET /data/uploads/re_Captured.PNG HTTP/1.1" 200 10658 {}
::1 ::1 - - [31/Oct/2024:15:27:20 +0000] "POST /uploads/ HTTP/1.1" 200 62 {"files":["undefined","undefined"]}
::1 ::1 - - [31/Oct/2024:15:27:20 +0000] "GET /data/uploads/re_Captured.PNG HTTP/1.1" 200 10658 {}
::1 ::1 - - [31/Oct/2024:15:27:37 +0000] "POST /uploads/ HTTP/1.1" 200 62 {"files":["undefined","undefined"]}
::1 ::1 - - [31/Oct/2024:15:27:37 +0000] "GET /data/uploads/re_Captured.PNG HTTP/1.1" 200 10658 {}
::1 ::1 - - [31/Oct/2024:15:28:07 +0000] "POST /uploads/ HTTP/1.1" 200 62 {"files":["undefined","undefined"]}
::1 ::1 - - [31/Oct/2024:15:28:07 +0000] "GET /data/uploads/re_Captured.PNG HTTP/1.1" 200 10658 {}
::1 ::1 - - [31/Oct/2024:15:28:21 +0000] "POST /uploads/ HTTP/1.1" 200 62 {"files":["undefined","undefined"]}
::1 ::1 - - [31/Oct/2024:15:28:21 +0000] "GET /data/uploads/re_Captured.PNG HTTP/1.1" 200 10658 {}
::1 ::1 - - [31/Oct/2024:15:28:50 +0000] "POST /uploads/ HTTP/1.1" 200 62 {"files":["undefined","undefined"]}
::1 ::1 - - [31/Oct/2024:15:28:50 +0000] "GET /data/uploads/re_Captured.PNG HTTP/1.1" 200 10658 {}
::1 ::1 - - [31/Oct/2024:15:29:14 +0000] "POST /uploads/ HTTP/1.1" 200 62 {"files":["undefined","undefined"]}
::1 ::1 - - [31/Oct/2024:15:29:14 +0000] "GET /data/uploads/re_Captured.PNG HTTP/1.1" 200 10658 {}
::1 ::1 - - [31/Oct/2024:15:29:26 +0000] "GET /brands?page=1 HTTP/1.1" 200 645 {}
::1 ::1 - - [31/Oct/2024:15:29:39 +0000] "GET /brands?page=1 HTTP/1.1" 304 - {}
::1 ::1 - - [31/Oct/2024:15:29:40 +0000] "GET /data/uploads/re_Captured.PNG HTTP/1.1" 304 - {}
::1 ::1 - - [31/Oct/2024:15:29:46 +0000] "POST /uploads/ HTTP/1.1" 200 62 {"files":["undefined","undefined"]}
::1 ::1 - - [31/Oct/2024:15:29:46 +0000] "GET /data/uploads/re_Captured.PNG HTTP/1.1" 200 10658 {}
::1 ::1 - - [31/Oct/2024:15:30:21 +0000] "POST /uploads/ HTTP/1.1" 200 62 {"files":["undefined","undefined"]}
::1 ::1 - - [31/Oct/2024:15:30:21 +0000] "GET /data/uploads/re_Captured.PNG HTTP/1.1" 200 10658 {}
::1 ::1 - - [31/Oct/2024:15:30:40 +0000] "POST /uploads/ HTTP/1.1" 200 62 {"files":["undefined","undefined"]}
::1 ::1 - - [31/Oct/2024:15:30:40 +0000] "GET /data/uploads/re_Captured.PNG HTTP/1.1" 200 10658 {}
::1 ::1 - - [31/Oct/2024:15:30:59 +0000] "POST /uploads/ HTTP/1.1" 200 62 {"files":["undefined","undefined"]}
::1 ::1 - - [31/Oct/2024:15:30:59 +0000] "GET /data/uploads/re_Captured.PNG HTTP/1.1" 200 10658 {}
::1 ::1 - - [31/Oct/2024:15:31:39 +0000] "POST /uploads/ HTTP/1.1" 200 62 {"files":["undefined","undefined"]}
::1 ::1 - - [31/Oct/2024:15:31:39 +0000] "GET /data/uploads/re_Captured.PNG HTTP/1.1" 200 10658 {}
::1 ::1 - - [31/Oct/2024:15:31:56 +0000] "GET /brands?page=1 HTTP/1.1" 304 - {}
::1 ::1 - - [31/Oct/2024:15:31:57 +0000] "GET /brands?page=1 HTTP/1.1" 304 - {}
::1 ::1 - - [31/Oct/2024:15:32:02 +0000] "POST /uploads/ HTTP/1.1" 200 62 {"files":["undefined","undefined"]}
::1 ::1 - - [31/Oct/2024:15:32:02 +0000] "GET /data/uploads/re_Captured.PNG HTTP/1.1" 200 10658 {}
::1 ::1 - - [31/Oct/2024:15:32:30 +0000] "POST /uploads/ HTTP/1.1" 200 62 {"files":["undefined","undefined"]}
::1 ::1 - - [31/Oct/2024:15:32:30 +0000] "GET /data/uploads/re_Captured.PNG HTTP/1.1" 200 10658 {}
::1 ::1 - - [31/Oct/2024:15:32:44 +0000] "POST /uploads/ HTTP/1.1" 200 62 {"files":["undefined","undefined"]}
::1 ::1 - - [31/Oct/2024:15:32:44 +0000] "GET /data/uploads/re_Captured.PNG HTTP/1.1" 200 10658 {}
::1 ::1 - - [31/Oct/2024:15:33:25 +0000] "POST /uploads/ HTTP/1.1" 200 62 {"files":["undefined","undefined"]}
::1 ::1 - - [31/Oct/2024:15:33:25 +0000] "GET /data/uploads/re_Captured.PNG HTTP/1.1" 200 10658 {}
::1 ::1 - - [31/Oct/2024:15:34:05 +0000] "GET /data/uploads/re_Captured.PNG HTTP/1.1" 304 - {}
::1 ::1 - - [31/Oct/2024:15:34:09 +0000] "POST /uploads/ HTTP/1.1" 200 62 {"files":["undefined","undefined"]}
::1 ::1 - - [31/Oct/2024:15:34:25 +0000] "POST /uploads/ HTTP/1.1" 200 12 {"files":["undefined","undefined","undefined"]}
::1 ::1 - - [31/Oct/2024:15:34:33 +0000] "POST /uploads/ HTTP/1.1" 200 62 {"files":["undefined","undefined"]}
::1 ::1 - - [31/Oct/2024:15:34:33 +0000] "GET /data/uploads/re_Captured.PNG HTTP/1.1" 200 10658 {}
::1 ::1 - - [31/Oct/2024:15:35:21 +0000] "POST /uploads/ HTTP/1.1" 200 62 {"files":["undefined","undefined"]}
::1 ::1 - - [31/Oct/2024:15:35:21 +0000] "GET /data/uploads/re_Captured.PNG HTTP/1.1" 200 10658 {}
::1 ::1 - - [31/Oct/2024:15:37:19 +0000] "POST /uploads/ HTTP/1.1" 200 12 {"files":["undefined","undefined","undefined"]}
::1 ::1 - - [31/Oct/2024:15:41:58 +0000] "POST /uploads/ HTTP/1.1" 200 164 {}
::1 ::1 - - [31/Oct/2024:15:41:58 +0000] "GET /data/uploads/re_avatar-3.jpg HTTP/1.1" 200 12011 {}
::1 ::1 - - [31/Oct/2024:15:41:58 +0000] "GET /data/uploads/re_avatar-4.jpg HTTP/1.1" 200 11981 {}
::1 ::1 - - [31/Oct/2024:15:41:58 +0000] "GET /data/uploads/re_avatar-5.jpg HTTP/1.1" 200 12611 {}
::1 ::1 - - [31/Oct/2024:15:47:05 +0000] "POST /uploads/ HTTP/1.1" 200 316 {}
::1 ::1 - - [31/Oct/2024:15:47:05 +0000] "GET /data/uploads/re_about-1.png HTTP/1.1" 200 14544 {}
::1 ::1 - - [31/Oct/2024:15:47:05 +0000] "GET /data/uploads/re_avatar-1.jpg HTTP/1.1" 200 11003 {}
::1 ::1 - - [31/Oct/2024:15:47:05 +0000] "GET /data/uploads/re_avatar-2.jpg HTTP/1.1" 200 15955 {}
::1 ::1 - - [31/Oct/2024:15:47:05 +0000] "GET /data/uploads/re_avatar-3.jpg HTTP/1.1" 200 12011 {}
::1 ::1 - - [31/Oct/2024:15:47:05 +0000] "GET /data/uploads/re_avatar-4.jpg HTTP/1.1" 200 11981 {}
::1 ::1 - - [31/Oct/2024:15:47:05 +0000] "GET /data/uploads/re_avatar-5.jpg HTTP/1.1" 200 12611 {}
::1 ::1 - - [31/Oct/2024:15:48:04 +0000] "POST /uploads/ HTTP/1.1" 200 673 {}
::1 ::1 - - [31/Oct/2024:15:48:04 +0000] "GET /data/uploads/re_about-1.png HTTP/1.1" 200 14544 {}
::1 ::1 - - [31/Oct/2024:15:48:04 +0000] "GET /data/uploads/re_avatar-1.jpg HTTP/1.1" 200 11003 {}
::1 ::1 - - [31/Oct/2024:15:48:04 +0000] "GET /data/uploads/re_avatar-2.jpg HTTP/1.1" 200 15955 {}
::1 ::1 - - [31/Oct/2024:15:48:04 +0000] "GET /data/uploads/re_avatar-4.jpg HTTP/1.1" 200 11981 {}
::1 ::1 - - [31/Oct/2024:15:48:04 +0000] "GET /data/uploads/re_avatar-5.jpg HTTP/1.1" 200 12611 {}
::1 ::1 - - [31/Oct/2024:15:48:04 +0000] "GET /data/uploads/re_avatar-3.jpg HTTP/1.1" 200 12011 {}
::1 ::1 - - [31/Oct/2024:15:48:04 +0000] "GET /data/uploads/re_avatar-6.jpg HTTP/1.1" 200 13786 {}
::1 ::1 - - [31/Oct/2024:15:48:04 +0000] "GET /data/uploads/re_avatar-7.jpg HTTP/1.1" 200 15264 {}
::1 ::1 - - [31/Oct/2024:15:48:04 +0000] "GET /data/uploads/re_avatar-8.jpg HTTP/1.1" 200 16389 {}
::1 ::1 - - [31/Oct/2024:15:48:04 +0000] "GET /data/uploads/re_company-1.jpg HTTP/1.1" 200 15495 {}
::1 ::1 - - [31/Oct/2024:15:48:04 +0000] "GET /data/uploads/re_company-2.jpg HTTP/1.1" 200 18014 {}
::1 ::1 - - [31/Oct/2024:15:48:04 +0000] "GET /data/uploads/re_company-3.jpg HTTP/1.1" 200 21887 {}
::1 ::1 - - [31/Oct/2024:15:48:04 +0000] "GET /data/uploads/re_img-1.jpg HTTP/1.1" 200 11202 {}
::1 ::1 - - [31/Oct/2024:15:48:58 +0000] "GET /data/uploads/re_about-1.png HTTP/1.1" 304 - {}
::1 ::1 - - [31/Oct/2024:15:48:58 +0000] "GET /data/uploads/re_avatar-2.jpg HTTP/1.1" 304 - {}
::1 ::1 - - [31/Oct/2024:15:48:58 +0000] "GET /data/uploads/re_avatar-1.jpg HTTP/1.1" 304 - {}
::1 ::1 - - [31/Oct/2024:15:48:59 +0000] "GET /data/uploads/re_avatar-3.jpg HTTP/1.1" 304 - {}
::1 ::1 - - [31/Oct/2024:15:48:59 +0000] "GET /data/uploads/re_avatar-4.jpg HTTP/1.1" 304 - {}
::1 ::1 - - [31/Oct/2024:15:48:59 +0000] "GET /data/uploads/re_avatar-5.jpg HTTP/1.1" 304 - {}
::1 ::1 - - [31/Oct/2024:15:49:00 +0000] "GET /data/uploads/re_avatar-6.jpg HTTP/1.1" 304 - {}
::1 ::1 - - [31/Oct/2024:15:49:00 +0000] "GET /data/uploads/re_avatar-7.jpg HTTP/1.1" 304 - {}
::1 ::1 - - [31/Oct/2024:15:49:00 +0000] "GET /data/uploads/re_avatar-8.jpg HTTP/1.1" 304 - {}
::1 ::1 - - [31/Oct/2024:15:49:00 +0000] "GET /data/uploads/re_company-1.jpg HTTP/1.1" 304 - {}
::1 ::1 - - [31/Oct/2024:15:49:00 +0000] "GET /data/uploads/re_company-2.jpg HTTP/1.1" 304 - {}
::1 ::1 - - [31/Oct/2024:15:49:00 +0000] "GET /data/uploads/re_company-3.jpg HTTP/1.1" 304 - {}
::1 ::1 - - [31/Oct/2024:15:49:00 +0000] "GET /data/uploads/re_img-1.jpg HTTP/1.1" 304 - {}
::1 ::1 - - [31/Oct/2024:15:49:03 +0000] "POST /uploads/ HTTP/1.1" 200 215 {}
::1 ::1 - - [31/Oct/2024:15:55:13 +0000] "POST /uploads/ HTTP/1.1" 200 215 {}
::1 ::1 - - [31/Oct/2024:15:55:13 +0000] "GET /data/uploads/re_avatar-1.jpg HTTP/1.1" 200 11003 {}
::1 ::1 - - [31/Oct/2024:15:55:13 +0000] "GET /data/uploads/re_avatar-2.jpg HTTP/1.1" 200 15955 {}
::1 ::1 - - [31/Oct/2024:15:55:13 +0000] "GET /data/uploads/re_avatar-4.jpg HTTP/1.1" 200 11981 {}
::1 ::1 - - [31/Oct/2024:15:55:13 +0000] "GET /data/uploads/re_avatar-5.jpg HTTP/1.1" 200 12611 {}
::1 ::1 - - [31/Oct/2024:15:55:45 +0000] "GET /data/uploads/re_avatar-1.jpg HTTP/1.1" 304 - {}
::1 ::1 - - [31/Oct/2024:15:55:45 +0000] "GET /data/uploads/re_avatar-2.jpg HTTP/1.1" 304 - {}
::1 ::1 - - [31/Oct/2024:15:55:45 +0000] "GET /data/uploads/re_avatar-4.jpg HTTP/1.1" 304 - {}
::1 ::1 - - [31/Oct/2024:15:55:45 +0000] "GET /data/uploads/re_avatar-5.jpg HTTP/1.1" 304 - {}
::1 ::1 - - [31/Oct/2024:15:55:49 +0000] "POST /uploads/ HTTP/1.1" 200 215 {}
::1 ::1 - - [31/Oct/2024:15:56:04 +0000] "GET /data/uploads/re_avatar-1.jpg HTTP/1.1" 200 11003 {}
::1 ::1 - - [31/Oct/2024:15:56:04 +0000] "GET /data/uploads/re_avatar-2.jpg HTTP/1.1" 200 15955 {}
::1 ::1 - - [31/Oct/2024:15:56:04 +0000] "GET /data/uploads/re_avatar-4.jpg HTTP/1.1" 200 11981 {}
::1 ::1 - - [31/Oct/2024:15:56:04 +0000] "GET /data/uploads/re_avatar-5.jpg HTTP/1.1" 200 12611 {}
::1 ::1 - - [31/Oct/2024:15:56:08 +0000] "POST /uploads/ HTTP/1.1" 200 215 {}
::1 ::1 - - [31/Oct/2024:15:56:18 +0000] "GET /data/uploads/re_avatar-3.jpg HTTP/1.1" 304 - {}
::1 ::1 - - [31/Oct/2024:15:56:18 +0000] "GET /products?page=1 HTTP/1.1" 200 3682 {}
::1 ::1 - - [31/Oct/2024:15:56:18 +0000] "GET /data/uploads/1728749804379.png HTTP/1.1" 404 169 {}
::1 ::1 - - [31/Oct/2024:15:56:21 +0000] "GET /data/uploads/re_avatar-3.jpg HTTP/1.1" 304 - {}
::1 ::1 - - [31/Oct/2024:15:56:21 +0000] "GET /data/uploads/1728749804379.png HTTP/1.1" 404 169 {}
::1 ::1 - - [31/Oct/2024:15:56:21 +0000] "GET /products?page=1 HTTP/1.1" 304 - {}
::1 ::1 - - [31/Oct/2024:15:56:24 +0000] "GET /products?page=3 HTTP/1.1" 200 3655 {}
::1 ::1 - - [31/Oct/2024:15:56:24 +0000] "GET /products?page=3 HTTP/1.1" 304 - {}
::1 ::1 - - [31/Oct/2024:15:56:24 +0000] "GET /data/uploads/1728749804379.png HTTP/1.1" 404 169 {}
::1 ::1 - - [31/Oct/2024:15:56:25 +0000] "GET /products?page=9 HTTP/1.1" 200 3686 {}
::1 ::1 - - [31/Oct/2024:15:56:25 +0000] "GET /products?page=9 HTTP/1.1" 304 - {}
::1 ::1 - - [31/Oct/2024:15:56:25 +0000] "GET /data/uploads/1728749804379.png HTTP/1.1" 404 169 {}
::1 ::1 - - [31/Oct/2024:15:56:28 +0000] "GET /products?page=1 HTTP/1.1" 304 - {}
::1 ::1 - - [31/Oct/2024:15:56:28 +0000] "GET /products?page=1 HTTP/1.1" 304 - {}
::1 ::1 - - [31/Oct/2024:15:56:28 +0000] "GET /data/uploads/1728749804379.png HTTP/1.1" 404 169 {}
::1 ::1 - - [31/Oct/2024:15:57:10 +0000] "GET /data/uploads/re_avatar-3.jpg HTTP/1.1" 304 - {}
::1 ::1 - - [31/Oct/2024:15:57:10 +0000] "GET /data/uploads/1728749804379.png HTTP/1.1" 404 169 {}
::1 ::1 - - [31/Oct/2024:15:57:10 +0000] "GET /products?page=1 HTTP/1.1" 304 - {}
::1 ::1 - - [31/Oct/2024:15:57:12 +0000] "GET /data/uploads/undefined HTTP/1.1" 404 161 {}
::1 ::1 - - [31/Oct/2024:15:57:12 +0000] "GET /categories?page=1 HTTP/1.1" 200 9310 {}
::1 ::1 - - [31/Oct/2024:15:57:13 +0000] "GET /data/uploads/1728842292523.png HTTP/1.1" 404 169 {}
::1 ::1 - - [31/Oct/2024:15:57:13 +0000] "GET /data/uploads/1728842070375.png HTTP/1.1" 404 169 {}
::1 ::1 - - [31/Oct/2024:15:57:26 +0000] "GET /categories?page=1 HTTP/1.1" 304 - {}
::1 ::1 - - [31/Oct/2024:15:57:37 +0000] "GET /categories?page=1 HTTP/1.1" 304 - {}
::1 ::1 - - [31/Oct/2024:15:57:38 +0000] "GET /data/uploads/1728842292523.png HTTP/1.1" 404 169 {}
::1 ::1 - - [31/Oct/2024:15:57:38 +0000] "GET /data/uploads/1728842070375.png HTTP/1.1" 404 169 {}
::1 ::1 - - [31/Oct/2024:15:57:41 +0000] "GET /categories?page=3 HTTP/1.1" 200 1259 {}
::1 ::1 - - [31/Oct/2024:15:57:46 +0000] "GET /categories?page=1 HTTP/1.1" 304 - {}
::1 ::1 - - [31/Oct/2024:15:57:46 +0000] "GET /data/uploads/1728842292523.png HTTP/1.1" 404 169 {}
::1 ::1 - - [31/Oct/2024:15:57:46 +0000] "GET /data/uploads/1728842070375.png HTTP/1.1" 404 169 {}
::1 ::1 - - [31/Oct/2024:15:57:54 +0000] "POST /uploads/ HTTP/1.1" 200 215 {}
::1 ::1 - - [31/Oct/2024:15:57:54 +0000] "GET /data/uploads/re_avatar-1.jpg HTTP/1.1" 200 11003 {}
::1 ::1 - - [31/Oct/2024:15:57:54 +0000] "GET /data/uploads/re_avatar-2.jpg HTTP/1.1" 200 15955 {}
::1 ::1 - - [31/Oct/2024:15:57:54 +0000] "GET /data/uploads/re_avatar-4.jpg HTTP/1.1" 200 11981 {}
::1 ::1 - - [31/Oct/2024:15:57:54 +0000] "GET /data/uploads/re_avatar-5.jpg HTTP/1.1" 200 12611 {}
::1 ::1 - - [31/Oct/2024:15:58:56 +0000] "POST /uploads/ HTTP/1.1" 200 12 {}
::1 ::1 - - [31/Oct/2024:15:59:06 +0000] "POST /uploads/ HTTP/1.1" 200 215 {}
::1 ::1 - - [31/Oct/2024:15:59:06 +0000] "GET /data/uploads/re_company-1.jpg HTTP/1.1" 200 15495 {}
::1 ::1 - - [31/Oct/2024:15:59:06 +0000] "GET /data/uploads/re_company-2.jpg HTTP/1.1" 200 18014 {}
::1 ::1 - - [31/Oct/2024:15:59:06 +0000] "GET /data/uploads/re_company-3.jpg HTTP/1.1" 200 21887 {}
::1 ::1 - - [31/Oct/2024:15:59:06 +0000] "GET /data/uploads/re_img-1.jpg HTTP/1.1" 200 11202 {}
::1 ::1 - - [31/Oct/2024:16:01:33 +0000] "POST /images/ HTTP/1.1" 500 1182 {"_id":"","images":[{"name":"re_company-1.jpg","status":false,"alt":"3123","title":"qwe"},{"name":"re_company-2.jpg","status":false,"alt":"12","title":"qwe"},{"name":"re_company-3.jpg","status":false,"alt":"123","title":"213"},{"name":"re_img-1.jpg","status":false,"alt":"123213","title":"123"}],"createdAt":""}
::1 ::1 - - [31/Oct/2024:16:05:43 +0000] "GET /data/uploads/re_company-1.jpg HTTP/1.1" 304 - {}
::1 ::1 - - [31/Oct/2024:16:05:43 +0000] "GET /data/uploads/re_company-2.jpg HTTP/1.1" 304 - {}
::1 ::1 - - [31/Oct/2024:16:05:43 +0000] "GET /data/uploads/re_company-3.jpg HTTP/1.1" 304 - {}
::1 ::1 - - [31/Oct/2024:16:05:43 +0000] "GET /data/uploads/re_img-1.jpg HTTP/1.1" 304 - {}
::1 ::1 - - [31/Oct/2024:16:05:48 +0000] "POST /uploads/ HTTP/1.1" 200 401 {}
::1 ::1 - - [31/Oct/2024:16:05:49 +0000] "GET /data/uploads/re-avatar-1.jpg-1730390748500 HTTP/1.1" 200 11003 {}
::1 ::1 - - [31/Oct/2024:16:05:49 +0000] "GET /data/uploads/re-avatar-2.jpg-1730390748502 HTTP/1.1" 200 15955 {}
::1 ::1 - - [31/Oct/2024:16:05:49 +0000] "GET /data/uploads/re-avatar-4.jpg-1730390748503 HTTP/1.1" 200 11981 {}
::1 ::1 - - [31/Oct/2024:16:05:49 +0000] "GET /data/uploads/re-avatar-7.jpg-1730390748507 HTTP/1.1" 200 15264 {}
::1 ::1 - - [31/Oct/2024:16:05:49 +0000] "GET /data/uploads/re-avatar-5.jpg-1730390748507 HTTP/1.1" 200 12611 {}
::1 ::1 - - [31/Oct/2024:16:05:49 +0000] "GET /data/uploads/re-avatar-8.jpg-1730390748509 HTTP/1.1" 200 16389 {}
::1 ::1 - - [31/Oct/2024:16:06:38 +0000] "GET /data/uploads/re-avatar-1.jpg-1730390748500 HTTP/1.1" 304 - {}
::1 ::1 - - [31/Oct/2024:16:06:38 +0000] "GET /data/uploads/re-avatar-2.jpg-1730390748502 HTTP/1.1" 304 - {}
::1 ::1 - - [31/Oct/2024:16:06:38 +0000] "GET /data/uploads/re-avatar-4.jpg-1730390748503 HTTP/1.1" 304 - {}
::1 ::1 - - [31/Oct/2024:16:06:38 +0000] "GET /data/uploads/re-avatar-5.jpg-1730390748507 HTTP/1.1" 304 - {}
::1 ::1 - - [31/Oct/2024:16:06:38 +0000] "GET /data/uploads/re-avatar-7.jpg-1730390748507 HTTP/1.1" 304 - {}
::1 ::1 - - [31/Oct/2024:16:06:38 +0000] "GET /data/uploads/re-avatar-8.jpg-1730390748509 HTTP/1.1" 304 - {}
::1 ::1 - - [31/Oct/2024:16:06:42 +0000] "POST /uploads/ HTTP/1.1" 200 206 {}
::1 ::1 - - [31/Oct/2024:16:06:42 +0000] "GET /data/uploads/re-1730390802680-avatar-3.jpg HTTP/1.1" 200 12011 {}
::1 ::1 - - [31/Oct/2024:16:06:42 +0000] "GET /data/uploads/re-1730390802682-avatar-4.jpg HTTP/1.1" 200 11981 {}
::1 ::1 - - [31/Oct/2024:16:06:42 +0000] "GET /data/uploads/re-1730390802683-avatar-5.jpg HTTP/1.1" 200 12611 {}
::1 ::1 - - [31/Oct/2024:16:07:39 +0000] "GET /data/uploads/re-1730390802680-avatar-3.jpg HTTP/1.1" 304 - {}
::1 ::1 - - [31/Oct/2024:16:07:39 +0000] "GET /data/uploads/re-1730390802682-avatar-4.jpg HTTP/1.1" 304 - {}
::1 ::1 - - [31/Oct/2024:16:07:39 +0000] "GET /data/uploads/re-1730390802683-avatar-5.jpg HTTP/1.1" 304 - {}
::1 ::1 - - [31/Oct/2024:16:08:25 +0000] "POST /uploads/ HTTP/1.1" 200 271 {}
::1 ::1 - - [31/Oct/2024:16:08:25 +0000] "GET /data/uploads/re-1730390905567-avatar-1.jpg HTTP/1.1" 200 11003 {}
::1 ::1 - - [31/Oct/2024:16:08:25 +0000] "GET /data/uploads/re-1730390905568-avatar-2.jpg HTTP/1.1" 200 15955 {}
::1 ::1 - - [31/Oct/2024:16:08:25 +0000] "GET /data/uploads/re-1730390905568-avatar-4.jpg HTTP/1.1" 200 11981 {}
::1 ::1 - - [31/Oct/2024:16:08:25 +0000] "GET /data/uploads/re-1730390905574-avatar-5.jpg HTTP/1.1" 200 12611 {}
::1 ::1 - - [31/Oct/2024:16:09:13 +0000] "POST /images/ HTTP/1.1" 500 1170 {"_id":"","images":[{"name":"re-1730390905567-avatar-1.jpg","status":false,"alt":""},{"name":"re-1730390905568-avatar-2.jpg","status":false,"alt":""},{"name":"re-1730390905568-avatar-4.jpg","status":false,"alt":""},{"name":"re-1730390905574-avatar-5.jpg","status":false,"alt":""}],"createdAt":""}
::1 ::1 - - [31/Oct/2024:16:11:46 +0000] "GET /data/uploads/re-1730390905567-avatar-1.jpg HTTP/1.1" 304 - {}
::1 ::1 - - [31/Oct/2024:16:11:46 +0000] "GET /data/uploads/re-1730390905568-avatar-2.jpg HTTP/1.1" 304 - {}
::1 ::1 - - [31/Oct/2024:16:11:46 +0000] "GET /data/uploads/re-1730390905568-avatar-4.jpg HTTP/1.1" 304 - {}
::1 ::1 - - [31/Oct/2024:16:11:46 +0000] "GET /data/uploads/re-1730390905574-avatar-5.jpg HTTP/1.1" 304 - {}
::1 ::1 - - [31/Oct/2024:16:11:51 +0000] "POST /uploads/ HTTP/1.1" 200 141 {}
::1 ::1 - - [31/Oct/2024:16:11:51 +0000] "GET /data/uploads/re-1730391111273-avatar-1.jpg HTTP/1.1" 200 11003 {}
::1 ::1 - - [31/Oct/2024:16:11:51 +0000] "GET /data/uploads/re-1730391111274-avatar-2.jpg HTTP/1.1" 200 15955 {}
::1 ::1 - - [31/Oct/2024:16:11:54 +0000] "POST /images/ HTTP/1.1" 500 1065 {"_id":"","images":[{"name":"re-1730391111273-avatar-1.jpg","status":false,"alt":"d","title":"d"},{"name":"re-1730391111274-avatar-2.jpg","status":false,"alt":"d","title":"d"}],"createdAt":""}
::ffff:127.0.0.1 ::ffff:127.0.0.1 - - [31/Oct/2024:16:12:47 +0000] "GET /data/uploads/re-1730391111273-avatar-1.jpg HTTP/1.1" 304 - {}
::ffff:127.0.0.1 ::ffff:127.0.0.1 - - [31/Oct/2024:16:12:47 +0000] "GET /data/uploads/re-1730391111274-avatar-2.jpg HTTP/1.1" 304 - {}
::1 ::1 - - [31/Oct/2024:16:12:52 +0000] "POST /uploads/ HTTP/1.1" 200 271 {}
::ffff:127.0.0.1 ::ffff:127.0.0.1 - - [31/Oct/2024:16:12:52 +0000] "GET /data/uploads/re-1730391172172-avatar-1.jpg HTTP/1.1" 200 11003 {}
::1 ::1 - - [31/Oct/2024:16:12:52 +0000] "GET /data/uploads/re-1730391172174-avatar-2.jpg HTTP/1.1" 200 15955 {}
::1 ::1 - - [31/Oct/2024:16:12:52 +0000] "GET /data/uploads/re-1730391172176-avatar-4.jpg HTTP/1.1" 200 11981 {}
::1 ::1 - - [31/Oct/2024:16:12:52 +0000] "GET /data/uploads/re-1730391172178-avatar-5.jpg HTTP/1.1" 200 12611 {}
::1 ::1 - - [31/Oct/2024:16:12:58 +0000] "POST /images/ HTTP/1.1" 400 68 {"_id":"","images":[{"name":"re-1730391172172-avatar-1.jpg","status":false,"alt":"d","title":"d"},{"name":"re-1730391172174-avatar-2.jpg","status":false,"alt":"d","title":"d"},{"name":"re-1730391172176-avatar-4.jpg","status":false,"alt":"d","title":"d"},{"name":"re-1730391172178-avatar-5.jpg","status":false,"alt":"d","title":"d"}],"createdAt":""}
::1 ::1 - - [02/Nov/2024:20:08:01 +0000] "POST /uploads/ HTTP/1.1" 200 533 {}
::1 ::1 - - [02/Nov/2024:20:08:01 +0000] "GET /data/uploads/re-1730578080774-avatar-1.jpg HTTP/1.1" 200 11003 {}
::1 ::1 - - [02/Nov/2024:20:08:01 +0000] "GET /data/uploads/re-1730578080775-avatar-2.jpg HTTP/1.1" 200 15955 {}
::1 ::1 - - [02/Nov/2024:20:08:01 +0000] "GET /data/uploads/re-1730578080775-avatar-4.jpg HTTP/1.1" 200 11981 {}
::1 ::1 - - [02/Nov/2024:20:08:01 +0000] "GET /data/uploads/re-1730578080781-avatar-5.jpg HTTP/1.1" 200 12611 {}
::1 ::1 - - [02/Nov/2024:20:08:01 +0000] "GET /data/uploads/re-1730578080781-avatar-7.jpg HTTP/1.1" 200 15264 {}
::1 ::1 - - [02/Nov/2024:20:08:01 +0000] "GET /data/uploads/re-1730578080786-avatar-8.jpg HTTP/1.1" 200 16389 {}
::1 ::1 - - [02/Nov/2024:20:08:01 +0000] "GET /data/uploads/re-1730578080787-company-2.jpg HTTP/1.1" 200 18014 {}
::1 ::1 - - [02/Nov/2024:20:08:01 +0000] "GET /data/uploads/re-1730578080789-company-3.jpg HTTP/1.1" 200 21887 {}
::1 ::1 - - [02/Nov/2024:20:10:15 +0000] "POST /uploads/ HTTP/1.1" 200 271 {}
::1 ::1 - - [02/Nov/2024:20:10:15 +0000] "GET /data/uploads/re-1730578215663-avatar-1.jpg HTTP/1.1" 200 11003 {}
::1 ::1 - - [02/Nov/2024:20:10:15 +0000] "GET /data/uploads/re-1730578215664-avatar-2.jpg HTTP/1.1" 200 15955 {}
::1 ::1 - - [02/Nov/2024:20:10:15 +0000] "GET /data/uploads/re-1730578215665-avatar-4.jpg HTTP/1.1" 200 11981 {}
::1 ::1 - - [02/Nov/2024:20:10:15 +0000] "GET /data/uploads/re-1730578215674-avatar-5.jpg HTTP/1.1" 200 12611 {}
::1 ::1 - - [02/Nov/2024:20:10:26 +0000] "POST /uploads/ HTTP/1.1" 200 141 {}
::1 ::1 - - [02/Nov/2024:20:10:26 +0000] "GET /data/uploads/re-1730578226842-avatar-7.jpg HTTP/1.1" 200 15264 {}
::1 ::1 - - [02/Nov/2024:20:10:27 +0000] "GET /data/uploads/re-1730578226846-avatar-8.jpg HTTP/1.1" 200 16389 {}
::1 ::1 - - [02/Nov/2024:20:10:34 +0000] "POST /uploads/ HTTP/1.1" 200 271 {}
::1 ::1 - - [02/Nov/2024:20:10:34 +0000] "GET /data/uploads/re-1730578233936-avatar-4.jpg HTTP/1.1" 200 11981 {}
::1 ::1 - - [02/Nov/2024:20:10:34 +0000] "GET /data/uploads/re-1730578233937-avatar-5.jpg HTTP/1.1" 200 12611 {}
::1 ::1 - - [02/Nov/2024:20:10:34 +0000] "GET /data/uploads/re-1730578233938-avatar-7.jpg HTTP/1.1" 200 15264 {}
::1 ::1 - - [02/Nov/2024:20:10:34 +0000] "GET /data/uploads/re-1730578233939-avatar-8.jpg HTTP/1.1" 200 16389 {}
::1 ::1 - - [02/Nov/2024:20:11:20 +0000] "GET /data/uploads/re-1730578233936-avatar-4.jpg HTTP/1.1" 304 - {}
::1 ::1 - - [02/Nov/2024:20:11:20 +0000] "GET /data/uploads/re-1730578233937-avatar-5.jpg HTTP/1.1" 304 - {}
::1 ::1 - - [02/Nov/2024:20:11:20 +0000] "GET /data/uploads/re-1730578233939-avatar-8.jpg HTTP/1.1" 304 - {}
::1 ::1 - - [02/Nov/2024:20:11:20 +0000] "GET /data/uploads/re-1730578233938-avatar-7.jpg HTTP/1.1" 304 - {}
::1 ::1 - - [02/Nov/2024:20:11:30 +0000] "POST /uploads/ HTTP/1.1" 200 141 {}
::1 ::1 - - [02/Nov/2024:20:11:30 +0000] "GET /data/uploads/re-1730578290220-avatar-4.jpg HTTP/1.1" 200 11981 {}
::1 ::1 - - [02/Nov/2024:20:11:30 +0000] "GET /data/uploads/re-1730578290222-avatar-7.jpg HTTP/1.1" 200 15264 {}
::1 ::1 - - [02/Nov/2024:20:11:45 +0000] "GET /data/uploads/re-1730578290220-avatar-4.jpg HTTP/1.1" 304 - {}
::1 ::1 - - [02/Nov/2024:20:11:45 +0000] "GET /data/uploads/re-1730578290222-avatar-7.jpg HTTP/1.1" 304 - {}
::1 ::1 - - [02/Nov/2024:20:11:49 +0000] "POST /uploads/ HTTP/1.1" 200 141 {}
::1 ::1 - - [02/Nov/2024:20:11:49 +0000] "GET /data/uploads/re-1730578309288-avatar-1.jpg HTTP/1.1" 200 11003 {}
::1 ::1 - - [02/Nov/2024:20:11:49 +0000] "GET /data/uploads/re-1730578309290-avatar-2.jpg HTTP/1.1" 200 15955 {}
::1 ::1 - - [02/Nov/2024:20:11:56 +0000] "POST /uploads/ HTTP/1.1" 200 141 {}
::1 ::1 - - [02/Nov/2024:20:11:56 +0000] "GET /data/uploads/re-1730578316403-avatar-4.jpg HTTP/1.1" 200 11981 {}
::1 ::1 - - [02/Nov/2024:20:11:56 +0000] "GET /data/uploads/re-1730578316403-avatar-7.jpg HTTP/1.1" 200 15264 {}
::1 ::1 - - [02/Nov/2024:20:12:27 +0000] "GET /data/uploads/re-1730578316403-avatar-4.jpg HTTP/1.1" 304 - {}
::1 ::1 - - [02/Nov/2024:20:12:27 +0000] "GET /data/uploads/re-1730578316403-avatar-7.jpg HTTP/1.1" 304 - {}
::1 ::1 - - [02/Nov/2024:20:12:33 +0000] "POST /uploads/ HTTP/1.1" 200 271 {}
::1 ::1 - - [02/Nov/2024:20:12:33 +0000] "GET /data/uploads/re-1730578352848-avatar-1.jpg HTTP/1.1" 200 11003 {}
::1 ::1 - - [02/Nov/2024:20:12:33 +0000] "GET /data/uploads/re-1730578352863-avatar-2.jpg HTTP/1.1" 200 15955 {}
::1 ::1 - - [02/Nov/2024:20:12:33 +0000] "GET /data/uploads/re-1730578352882-avatar-4.jpg HTTP/1.1" 200 11981 {}
::1 ::1 - - [02/Nov/2024:20:12:33 +0000] "GET /data/uploads/re-1730578352888-avatar-5.jpg HTTP/1.1" 200 12611 {}
::1 ::1 - - [02/Nov/2024:20:13:09 +0000] "GET /data/uploads/re-1730578352848-avatar-1.jpg HTTP/1.1" 304 - {}
::1 ::1 - - [02/Nov/2024:20:13:09 +0000] "GET /data/uploads/re-1730578352863-avatar-2.jpg HTTP/1.1" 304 - {}
::1 ::1 - - [02/Nov/2024:20:13:09 +0000] "GET /data/uploads/re-1730578352882-avatar-4.jpg HTTP/1.1" 304 - {}
::1 ::1 - - [02/Nov/2024:20:13:09 +0000] "GET /data/uploads/re-1730578352888-avatar-5.jpg HTTP/1.1" 304 - {}
::1 ::1 - - [02/Nov/2024:20:13:16 +0000] "POST /uploads/ HTTP/1.1" 200 141 {}
::1 ::1 - - [02/Nov/2024:20:13:16 +0000] "GET /data/uploads/re-1730578396234-avatar-4.jpg HTTP/1.1" 200 11981 {}
::1 ::1 - - [02/Nov/2024:20:13:16 +0000] "GET /data/uploads/re-1730578396238-avatar-7.jpg HTTP/1.1" 200 15264 {}
::1 ::1 - - [02/Nov/2024:20:13:45 +0000] "POST /uploads/ HTTP/1.1" 200 141 {}
::1 ::1 - - [02/Nov/2024:20:13:45 +0000] "GET /data/uploads/re-1730578424835-avatar-4.jpg HTTP/1.1" 200 11981 {}
::1 ::1 - - [02/Nov/2024:20:13:45 +0000] "GET /data/uploads/re-1730578424835-avatar-7.jpg HTTP/1.1" 200 15264 {}
::1 ::1 - - [02/Nov/2024:20:14:17 +0000] "POST /uploads/ HTTP/1.1" 200 141 {}
::1 ::1 - - [02/Nov/2024:20:14:17 +0000] "GET /data/uploads/re-1730578457537-avatar-4.jpg HTTP/1.1" 200 11981 {}
::1 ::1 - - [02/Nov/2024:20:14:17 +0000] "GET /data/uploads/re-1730578457539-avatar-7.jpg HTTP/1.1" 200 15264 {}
::1 ::1 - - [02/Nov/2024:20:17:16 +0000] "GET /data/uploads/re-1730578457537-avatar-4.jpg HTTP/1.1" 304 - {}
::1 ::1 - - [02/Nov/2024:20:17:16 +0000] "GET /data/uploads/re-1730578457539-avatar-7.jpg HTTP/1.1" 304 - {}
::1 ::1 - - [02/Nov/2024:20:17:21 +0000] "POST /uploads/ HTTP/1.1" 200 141 {}
::1 ::1 - - [02/Nov/2024:20:17:21 +0000] "GET /data/uploads/re-1730578641248-avatar-4.jpg HTTP/1.1" 200 11981 {}
::1 ::1 - - [02/Nov/2024:20:17:21 +0000] "GET /data/uploads/re-1730578641249-avatar-7.jpg HTTP/1.1" 200 15264 {}
::1 ::1 - - [02/Nov/2024:20:17:48 +0000] "POST /uploads/ HTTP/1.1" 200 141 {}
::1 ::1 - - [02/Nov/2024:20:17:48 +0000] "GET /data/uploads/re-1730578668699-avatar-7.jpg HTTP/1.1" 200 15264 {}
::1 ::1 - - [02/Nov/2024:20:17:48 +0000] "GET /data/uploads/re-1730578668699-avatar-4.jpg HTTP/1.1" 200 11981 {}
::1 ::1 - - [02/Nov/2024:20:18:02 +0000] "POST /uploads/ HTTP/1.1" 200 76 {}
::1 ::1 - - [02/Nov/2024:20:18:02 +0000] "GET /data/uploads/re-1730578682081-avatar-5.jpg HTTP/1.1" 200 12611 {}
::1 ::1 - - [02/Nov/2024:20:18:33 +0000] "POST /uploads/ HTTP/1.1" 200 404 {}
::1 ::1 - - [02/Nov/2024:20:18:34 +0000] "GET /data/uploads/re-1730578713695-avatar-6.jpg HTTP/1.1" 200 13786 {}
::1 ::1 - - [02/Nov/2024:20:18:34 +0000] "GET /data/uploads/re-1730578713697-avatar-7.jpg HTTP/1.1" 200 15264 {}
::1 ::1 - - [02/Nov/2024:20:18:34 +0000] "GET /data/uploads/re-1730578713704-avatar-8.jpg HTTP/1.1" 200 16389 {}
::1 ::1 - - [02/Nov/2024:20:18:34 +0000] "GET /data/uploads/re-1730578713711-company-1.jpg HTTP/1.1" 200 15495 {}
::1 ::1 - - [02/Nov/2024:20:18:34 +0000] "GET /data/uploads/re-1730578713720-company-3.jpg HTTP/1.1" 200 21887 {}
::1 ::1 - - [02/Nov/2024:20:18:34 +0000] "GET /data/uploads/re-1730578713715-company-2.jpg HTTP/1.1" 200 18014 {}
::1 ::1 - - [02/Nov/2024:20:19:18 +0000] "GET /data/uploads/re-1730578713695-avatar-6.jpg HTTP/1.1" 304 - {}
::1 ::1 - - [02/Nov/2024:20:19:18 +0000] "GET /data/uploads/re-1730578713697-avatar-7.jpg HTTP/1.1" 304 - {}
::1 ::1 - - [02/Nov/2024:20:19:18 +0000] "GET /data/uploads/re-1730578713704-avatar-8.jpg HTTP/1.1" 304 - {}
::1 ::1 - - [02/Nov/2024:20:19:18 +0000] "GET /data/uploads/re-1730578713711-company-1.jpg HTTP/1.1" 304 - {}
::1 ::1 - - [02/Nov/2024:20:19:18 +0000] "GET /data/uploads/re-1730578713715-company-2.jpg HTTP/1.1" 304 - {}
::1 ::1 - - [02/Nov/2024:20:19:18 +0000] "GET /data/uploads/re-1730578713720-company-3.jpg HTTP/1.1" 304 - {}
::1 ::1 - - [02/Nov/2024:20:19:22 +0000] "POST /uploads/ HTTP/1.1" 200 271 {}
::1 ::1 - - [02/Nov/2024:20:19:22 +0000] "GET /data/uploads/re-1730578761857-avatar-1.jpg HTTP/1.1" 200 11003 {}
::1 ::1 - - [02/Nov/2024:20:19:22 +0000] "GET /data/uploads/re-1730578761858-avatar-2.jpg HTTP/1.1" 200 15955 {}
::1 ::1 - - [02/Nov/2024:20:19:22 +0000] "GET /data/uploads/re-1730578761860-avatar-4.jpg HTTP/1.1" 200 11981 {}
::1 ::1 - - [02/Nov/2024:20:19:22 +0000] "GET /data/uploads/re-1730578761863-avatar-5.jpg HTTP/1.1" 200 12611 {}
::1 ::1 - - [02/Nov/2024:20:19:50 +0000] "POST /uploads/ HTTP/1.1" 200 76 {}
::1 ::1 - - [02/Nov/2024:20:19:50 +0000] "GET /data/uploads/re-1730578790771-avatar-5.jpg HTTP/1.1" 200 12611 {}
::1 ::1 - - [02/Nov/2024:20:20:45 +0000] "POST /uploads/ HTTP/1.1" 200 401 {}
::1 ::1 - - [02/Nov/2024:20:20:45 +0000] "GET /data/uploads/re-1730578844760-avatar-3.jpg HTTP/1.1" 200 12011 {}
::1 ::1 - - [02/Nov/2024:20:20:45 +0000] "GET /data/uploads/re-1730578844761-avatar-5.jpg HTTP/1.1" 200 12611 {}
::1 ::1 - - [02/Nov/2024:20:20:45 +0000] "GET /data/uploads/re-1730578844760-avatar-4.jpg HTTP/1.1" 200 11981 {}
::1 ::1 - - [02/Nov/2024:20:20:45 +0000] "GET /data/uploads/re-1730578844768-avatar-7.jpg HTTP/1.1" 200 15264 {}
::1 ::1 - - [02/Nov/2024:20:20:45 +0000] "GET /data/uploads/re-1730578844770-avatar-8.jpg HTTP/1.1" 200 16389 {}
::1 ::1 - - [02/Nov/2024:20:20:45 +0000] "GET /data/uploads/re-1730578844762-avatar-6.jpg HTTP/1.1" 200 13786 {}
::1 ::1 - - [02/Nov/2024:20:21:06 +0000] "POST /images/ HTTP/1.1" 400 68 {"_id":"","images":[{"name":"re-1730578844760-avatar-3.jpg","status":false,"alt":""},{"name":"re-1730578844760-avatar-4.jpg","status":false,"alt":""},{"name":"re-1730578844761-avatar-5.jpg","status":false,"alt":""},{"name":"re-1730578844762-avatar-6.jpg","status":false,"alt":""},{"name":"re-1730578844768-avatar-7.jpg","status":false,"alt":""},{"name":"re-1730578844770-avatar-8.jpg","status":false,"alt":""}],"createdAt":""}
::1 ::1 - - [02/Nov/2024:20:40:28 +0000] "POST /uploads/ HTTP/1.1" 200 141 {}
::1 ::1 - - [02/Nov/2024:20:40:28 +0000] "GET /data/uploads/re-1730580028098-avatar-1.jpg HTTP/1.1" 200 11003 {}
::1 ::1 - - [02/Nov/2024:20:40:28 +0000] "GET /data/uploads/re-1730580028099-avatar-2.jpg HTTP/1.1" 200 15955 {}
::1 ::1 - - [02/Nov/2024:20:40:36 +0000] "POST /images/ HTTP/1.1" 400 68 {"_id":"","images":[{"name":"re-1730580028098-avatar-1.jpg","status":false,"alt":"wwww","title":"qq"},{"name":"re-1730580028099-avatar-2.jpg","status":false,"alt":"www","title":"ww"}],"createdAt":""}
::1 ::1 - - [02/Nov/2024:20:41:10 +0000] "GET /data/uploads/re-1730580028098-avatar-1.jpg HTTP/1.1" 304 - {}
::1 ::1 - - [02/Nov/2024:20:41:10 +0000] "GET /data/uploads/re-1730580028099-avatar-2.jpg HTTP/1.1" 304 - {}
::1 ::1 - - [02/Nov/2024:20:41:14 +0000] "POST /uploads/ HTTP/1.1" 200 141 {}
::1 ::1 - - [02/Nov/2024:20:41:14 +0000] "GET /data/uploads/re-1730580074754-avatar-1.jpg HTTP/1.1" 200 11003 {}
::1 ::1 - - [02/Nov/2024:20:41:14 +0000] "GET /data/uploads/re-1730580074756-avatar-2.jpg HTTP/1.1" 200 15955 {}
::1 ::1 - - [02/Nov/2024:20:41:25 +0000] "POST /images/ HTTP/1.1" 400 68 {"_id":"","images":[{"name":"re-1730580074754-avatar-1.jpg","status":false,"alt":"311","title":"11"},{"name":"re-1730580074756-avatar-2.jpg","status":false,"alt":"133","title":"22"}],"createdAt":""}
::1 ::1 - - [02/Nov/2024:20:42:02 +0000] "GET /data/uploads/re-1730580074754-avatar-1.jpg HTTP/1.1" 304 - {}
::1 ::1 - - [02/Nov/2024:20:42:02 +0000] "GET /data/uploads/re-1730580074756-avatar-2.jpg HTTP/1.1" 304 - {}
::1 ::1 - - [02/Nov/2024:20:42:06 +0000] "POST /uploads/ HTTP/1.1" 200 141 {}
::1 ::1 - - [02/Nov/2024:20:42:06 +0000] "GET /data/uploads/re-1730580125973-avatar-1.jpg HTTP/1.1" 200 11003 {}
::1 ::1 - - [02/Nov/2024:20:42:06 +0000] "GET /data/uploads/re-1730580125974-avatar-2.jpg HTTP/1.1" 200 15955 {}
::1 ::1 - - [02/Nov/2024:20:42:10 +0000] "POST /images/ HTTP/1.1" 400 68 {"_id":"","images":[{"name":"re-1730580125973-avatar-1.jpg","status":false,"alt":"q","title":"qq"},{"name":"re-1730580125974-avatar-2.jpg","status":false,"alt":"q","title":"qq"}],"createdAt":""}
::1 ::1 - - [02/Nov/2024:20:43:54 +0000] "GET /data/uploads/re-1730580125973-avatar-1.jpg HTTP/1.1" 304 - {}
::1 ::1 - - [02/Nov/2024:20:43:54 +0000] "GET /data/uploads/re-1730580125974-avatar-2.jpg HTTP/1.1" 304 - {}
::1 ::1 - - [02/Nov/2024:20:43:57 +0000] "POST /uploads/ HTTP/1.1" 200 76 {}
::1 ::1 - - [02/Nov/2024:20:43:57 +0000] "GET /data/uploads/re-1730580237457-avatar-2.jpg HTTP/1.1" 200 15955 {}
::1 ::1 - - [02/Nov/2024:20:44:01 +0000] "POST /images/ HTTP/1.1" 400 68 {"_id":"","images":[{"name":"re-1730580237457-avatar-2.jpg","status":false,"alt":"asdasd","title":"asd"}],"createdAt":""}
::1 ::1 - - [02/Nov/2024:20:44:52 +0000] "POST /uploads/ HTTP/1.1" 200 271 {}
::1 ::1 - - [02/Nov/2024:20:44:52 +0000] "GET /data/uploads/re-1730580291832-avatar-1.jpg HTTP/1.1" 200 11003 {}
::1 ::1 - - [02/Nov/2024:20:44:52 +0000] "GET /data/uploads/re-1730580291836-avatar-4.jpg HTTP/1.1" 200 11981 {}
::1 ::1 - - [02/Nov/2024:20:44:52 +0000] "GET /data/uploads/re-1730580291835-avatar-2.jpg HTTP/1.1" 200 15955 {}
::1 ::1 - - [02/Nov/2024:20:44:52 +0000] "GET /data/uploads/re-1730580291836-avatar-5.jpg HTTP/1.1" 200 12611 {}
::1 ::1 - - [02/Nov/2024:20:44:59 +0000] "POST /images/multiple HTTP/1.1" 500 1066 {"_id":"","images":[{"name":"re-1730580291832-avatar-1.jpg","status":false,"alt":"2","title":"1"},{"name":"re-1730580291835-avatar-2.jpg","status":false,"alt":"2","title":"1"},{"name":"re-1730580291836-avatar-4.jpg","status":false,"alt":"2","title":"2"},{"name":"re-1730580291836-avatar-5.jpg","status":false,"alt":"2","title":"2"}],"createdAt":""}
::1 ::1 - - [02/Nov/2024:20:45:19 +0000] "GET /data/uploads/re-1730580291832-avatar-1.jpg HTTP/1.1" 304 - {}
::1 ::1 - - [02/Nov/2024:20:45:19 +0000] "GET /data/uploads/re-1730580291835-avatar-2.jpg HTTP/1.1" 304 - {}
::1 ::1 - - [02/Nov/2024:20:45:19 +0000] "GET /data/uploads/re-1730580291836-avatar-4.jpg HTTP/1.1" 304 - {}
::1 ::1 - - [02/Nov/2024:20:45:19 +0000] "GET /data/uploads/re-1730580291836-avatar-5.jpg HTTP/1.1" 304 - {}
::1 ::1 - - [02/Nov/2024:20:45:25 +0000] "POST /uploads/ HTTP/1.1" 200 141 {}
::1 ::1 - - [02/Nov/2024:20:45:25 +0000] "GET /data/uploads/re-1730580325401-avatar-1.jpg HTTP/1.1" 200 11003 {}
::1 ::1 - - [02/Nov/2024:20:45:25 +0000] "GET /data/uploads/re-1730580325402-avatar-2.jpg HTTP/1.1" 200 15955 {}
::1 ::1 - - [02/Nov/2024:20:45:31 +0000] "POST /images/multiple HTTP/1.1" 500 1066 {"_id":"","images":[{"name":"re-1730580325401-avatar-1.jpg","status":false,"alt":"qwe","title":"qwe"},{"name":"re-1730580325402-avatar-2.jpg","status":false,"alt":"qwe","title":"qwe"}],"createdAt":""}
::1 ::1 - - [02/Nov/2024:20:48:10 +0000] "GET /data/uploads/re-1730580325401-avatar-1.jpg HTTP/1.1" 304 - {}
::1 ::1 - - [02/Nov/2024:20:48:10 +0000] "GET /data/uploads/re-1730580325402-avatar-2.jpg HTTP/1.1" 304 - {}
::1 ::1 - - [02/Nov/2024:20:48:15 +0000] "POST /uploads/ HTTP/1.1" 200 271 {}
::1 ::1 - - [02/Nov/2024:20:48:16 +0000] "GET /data/uploads/re-1730580495796-avatar-1.jpg HTTP/1.1" 200 11003 {}
::1 ::1 - - [02/Nov/2024:20:48:16 +0000] "GET /data/uploads/re-1730580495799-avatar-2.jpg HTTP/1.1" 200 15955 {}
::1 ::1 - - [02/Nov/2024:20:48:16 +0000] "GET /data/uploads/re-1730580495799-avatar-4.jpg HTTP/1.1" 200 11981 {}
::1 ::1 - - [02/Nov/2024:20:48:16 +0000] "GET /data/uploads/re-1730580495803-avatar-5.jpg HTTP/1.1" 200 12611 {}
::1 ::1 - - [02/Nov/2024:20:48:18 +0000] "POST /images/multiple HTTP/1.1" 500 1066 {"_id":"","images":[{"name":"re-1730580495796-avatar-1.jpg","status":false,"alt":""},{"name":"re-1730580495799-avatar-2.jpg","status":false,"alt":""},{"name":"re-1730580495799-avatar-4.jpg","status":false,"alt":""},{"name":"re-1730580495803-avatar-5.jpg","status":false,"alt":""}],"createdAt":""}
::1 ::1 - - [02/Nov/2024:20:48:52 +0000] "GET /data/uploads/re-1730580495796-avatar-1.jpg HTTP/1.1" 304 - {}
::1 ::1 - - [02/Nov/2024:20:48:52 +0000] "GET /data/uploads/re-1730580495799-avatar-2.jpg HTTP/1.1" 304 - {}
::1 ::1 - - [02/Nov/2024:20:48:52 +0000] "GET /data/uploads/re-1730580495799-avatar-4.jpg HTTP/1.1" 304 - {}
::1 ::1 - - [02/Nov/2024:20:48:52 +0000] "GET /data/uploads/re-1730580495803-avatar-5.jpg HTTP/1.1" 304 - {}
::1 ::1 - - [02/Nov/2024:20:48:56 +0000] "POST /uploads/ HTTP/1.1" 200 141 {}
::1 ::1 - - [02/Nov/2024:20:48:56 +0000] "GET /data/uploads/re-1730580536520-avatar-1.jpg HTTP/1.1" 200 11003 {}
::1 ::1 - - [02/Nov/2024:20:48:56 +0000] "GET /data/uploads/re-1730580536521-avatar-2.jpg HTTP/1.1" 200 15955 {}
::1 ::1 - - [02/Nov/2024:20:49:04 +0000] "POST /images/multiple HTTP/1.1" 400 65 {"_id":"","images":[{"name":"re-1730580536520-avatar-1.jpg","status":false,"alt":"123","title":"asd"},{"name":"re-1730580536521-avatar-2.jpg","status":false,"alt":"123","title":"asd"}],"createdAt":""}
::1 ::1 - - [02/Nov/2024:20:49:33 +0000] "GET /data/uploads/re-1730580536520-avatar-1.jpg HTTP/1.1" 304 - {}
::1 ::1 - - [02/Nov/2024:20:49:33 +0000] "GET /data/uploads/re-1730580536521-avatar-2.jpg HTTP/1.1" 304 - {}
::1 ::1 - - [02/Nov/2024:20:49:37 +0000] "POST /uploads/ HTTP/1.1" 200 141 {}
::1 ::1 - - [02/Nov/2024:20:49:37 +0000] "GET /data/uploads/re-1730580577482-avatar-1.jpg HTTP/1.1" 200 11003 {}
::1 ::1 - - [02/Nov/2024:20:49:37 +0000] "GET /data/uploads/re-1730580577484-avatar-2.jpg HTTP/1.1" 200 15955 {}
::1 ::1 - - [02/Nov/2024:20:49:45 +0000] "POST /images/multiple HTTP/1.1" 500 560 {"_id":"","images":[{"name":"re-1730580577482-avatar-1.jpg","status":false,"alt":"sdf","title":"sd"},{"name":"re-1730580577484-avatar-2.jpg","status":false,"alt":"sdf","title":"fsdf"}],"createdAt":""}
::1 ::1 - - [02/Nov/2024:20:50:27 +0000] "GET /data/uploads/re-1730580577482-avatar-1.jpg HTTP/1.1" 304 - {}
::1 ::1 - - [02/Nov/2024:20:50:27 +0000] "GET /data/uploads/re-1730580577484-avatar-2.jpg HTTP/1.1" 304 - {}
::1 ::1 - - [02/Nov/2024:20:50:31 +0000] "POST /uploads/ HTTP/1.1" 200 141 {}
::1 ::1 - - [02/Nov/2024:20:50:31 +0000] "GET /data/uploads/re-1730580631374-avatar-1.jpg HTTP/1.1" 200 11003 {}
::1 ::1 - - [02/Nov/2024:20:50:31 +0000] "GET /data/uploads/re-1730580631375-avatar-2.jpg HTTP/1.1" 200 15955 {}
::1 ::1 - - [02/Nov/2024:20:50:36 +0000] "POST /images/multiple HTTP/1.1" 500 560 {"_id":"","images":[{"name":"re-1730580631374-avatar-1.jpg","status":false,"alt":"sa","title":"as"},{"name":"re-1730580631375-avatar-2.jpg","status":false,"alt":"as","title":"as"}],"createdAt":""}
::1 ::1 - - [02/Nov/2024:20:51:00 +0000] "GET /data/uploads/re-1730580631374-avatar-1.jpg HTTP/1.1" 304 - {}
::1 ::1 - - [02/Nov/2024:20:51:00 +0000] "GET /data/uploads/re-1730580631375-avatar-2.jpg HTTP/1.1" 304 - {}
::1 ::1 - - [02/Nov/2024:20:51:04 +0000] "POST /uploads/ HTTP/1.1" 200 141 {}
::1 ::1 - - [02/Nov/2024:20:51:04 +0000] "GET /data/uploads/re-1730580663963-avatar-1.jpg HTTP/1.1" 200 11003 {}
::1 ::1 - - [02/Nov/2024:20:51:04 +0000] "GET /data/uploads/re-1730580663963-avatar-2.jpg HTTP/1.1" 200 15955 {}
::1 ::1 - - [02/Nov/2024:20:51:09 +0000] "POST /images/multiple HTTP/1.1" 500 560 {"_id":"","images":[{"name":"re-1730580663963-avatar-1.jpg","status":false,"alt":"w","title":"s","_id":"672690bc85a39551a0b5801b"},{"name":"re-1730580663963-avatar-2.jpg","status":false,"alt":"q","title":"s","_id":"672690bc85a39551a0b5801c"}],"createdAt":""}
::1 ::1 - - [02/Nov/2024:20:52:09 +0000] "GET /data/uploads/re-1730580663963-avatar-1.jpg HTTP/1.1" 304 - {}
::1 ::1 - - [02/Nov/2024:20:52:09 +0000] "GET /data/uploads/re-1730580663963-avatar-2.jpg HTTP/1.1" 304 - {}
::1 ::1 - - [02/Nov/2024:20:52:13 +0000] "POST /uploads/ HTTP/1.1" 200 141 {}
::1 ::1 - - [02/Nov/2024:20:52:13 +0000] "GET /data/uploads/re-1730580733632-avatar-1.jpg HTTP/1.1" 200 11003 {}
::1 ::1 - - [02/Nov/2024:20:52:13 +0000] "GET /data/uploads/re-1730580733633-avatar-2.jpg HTTP/1.1" 200 15955 {}
::1 ::1 - - [02/Nov/2024:20:52:19 +0000] "POST /images/multiple HTTP/1.1" 200 117 {"_id":"","images":[{"name":"re-1730580733632-avatar-1.jpg","status":false,"alt":"12","title":"asd","_id":"67269103970251301afe6a97"},{"name":"re-1730580733633-avatar-2.jpg","status":false,"alt":"12","title":"asd","_id":"67269103970251301afe6a98"}],"createdAt":""}
::1 ::1 - - [02/Nov/2024:20:54:32 +0000] "POST /uploads/ HTTP/1.1" 200 76 {}
::1 ::1 - - [02/Nov/2024:20:54:32 +0000] "GET /data/uploads/re-1730580872549-avatar-2.jpg HTTP/1.1" 200 15955 {}
::1 ::1 - - [02/Nov/2024:20:54:37 +0000] "POST /images/multiple HTTP/1.1" 200 86 {"_id":"","images":[{"name":"re-1730580872549-avatar-2.jpg","status":false,"alt":"2222222222","title":"111111","_id":"6726918d970251301afe6a99"}],"createdAt":""}
::1 ::1 - - [02/Nov/2024:20:54:52 +0000] "POST /uploads/ HTTP/1.1" 200 12 {}
::1 ::1 - - [02/Nov/2024:20:55:03 +0000] "POST /uploads/ HTTP/1.1" 200 533 {}
::1 ::1 - - [02/Nov/2024:20:55:03 +0000] "GET /data/uploads/re-1730580902507-avatar-1.jpg HTTP/1.1" 200 11003 {}
::1 ::1 - - [02/Nov/2024:20:55:03 +0000] "GET /data/uploads/re-1730580902508-avatar-4.jpg HTTP/1.1" 200 11981 {}
::1 ::1 - - [02/Nov/2024:20:55:03 +0000] "GET /data/uploads/re-1730580902509-avatar-5.jpg HTTP/1.1" 200 12611 {}
::1 ::1 - - [02/Nov/2024:20:55:03 +0000] "GET /data/uploads/re-1730580902507-avatar-2.jpg HTTP/1.1" 200 15955 {}
::1 ::1 - - [02/Nov/2024:20:55:03 +0000] "GET /data/uploads/re-1730580902511-avatar-7.jpg HTTP/1.1" 200 15264 {}
::1 ::1 - - [02/Nov/2024:20:55:03 +0000] "GET /data/uploads/re-1730580902569-avatar-8.jpg HTTP/1.1" 200 16389 {}
::1 ::1 - - [02/Nov/2024:20:55:03 +0000] "GET /data/uploads/re-1730580902670-company-2.jpg HTTP/1.1" 200 18014 {}
::1 ::1 - - [02/Nov/2024:20:55:03 +0000] "GET /data/uploads/re-1730580902685-company-3.jpg HTTP/1.1" 200 21887 {}
::1 ::1 - - [02/Nov/2024:20:55:33 +0000] "POST /images/multiple HTTP/1.1" 400 96 {"_id":"","images":[{"name":"re-1730580902507-avatar-1.jpg","status":false,"alt":"w","title":"wq"},{"name":"re-1730580902507-avatar-2.jpg","status":false,"alt":"w","title":"qw"},{"name":"re-1730580902508-avatar-4.jpg","status":false,"alt":"w","title":"w"},{"name":"re-1730580902509-avatar-5.jpg","status":false,"alt":"w","title":"w"},{"name":"re-1730580902511-avatar-7.jpg","status":false,"alt":"w","title":"w"},{"name":"re-1730580902569-avatar-8.jpg","status":false,"alt":"w","title":"w"},{"name":"re-1730580902670-company-2.jpg","status":false,"alt":"w","title":"w"},{"name":"re-1730580902685-company-3.jpg","status":false,"alt":"w","title":"w"}],"createdAt":""}
::1 ::1 - - [02/Nov/2024:20:55:38 +0000] "GET /data/uploads/re-1730580902507-avatar-1.jpg HTTP/1.1" 304 - {}
::1 ::1 - - [02/Nov/2024:20:55:38 +0000] "GET /data/uploads/re-1730580902507-avatar-2.jpg HTTP/1.1" 304 - {}
::1 ::1 - - [02/Nov/2024:20:55:38 +0000] "GET /data/uploads/re-1730580902508-avatar-4.jpg HTTP/1.1" 304 - {}
::1 ::1 - - [02/Nov/2024:20:55:38 +0000] "GET /data/uploads/re-1730580902509-avatar-5.jpg HTTP/1.1" 304 - {}
::1 ::1 - - [02/Nov/2024:20:55:38 +0000] "GET /data/uploads/re-1730580902511-avatar-7.jpg HTTP/1.1" 304 - {}
::1 ::1 - - [02/Nov/2024:20:55:38 +0000] "GET /data/uploads/re-1730580902569-avatar-8.jpg HTTP/1.1" 304 - {}
::1 ::1 - - [02/Nov/2024:20:55:38 +0000] "GET /data/uploads/re-1730580902670-company-2.jpg HTTP/1.1" 304 - {}
::1 ::1 - - [02/Nov/2024:20:55:38 +0000] "GET /data/uploads/re-1730580902685-company-3.jpg HTTP/1.1" 304 - {}
::1 ::1 - - [02/Nov/2024:20:55:42 +0000] "POST /uploads/ HTTP/1.1" 200 271 {}
::1 ::1 - - [02/Nov/2024:20:55:43 +0000] "GET /data/uploads/re-1730580942826-avatar-1.jpg HTTP/1.1" 200 11003 {}
::1 ::1 - - [02/Nov/2024:20:55:43 +0000] "GET /data/uploads/re-1730580942827-avatar-4.jpg HTTP/1.1" 200 11981 {}
::1 ::1 - - [02/Nov/2024:20:55:43 +0000] "GET /data/uploads/re-1730580942828-avatar-5.jpg HTTP/1.1" 200 12611 {}
::1 ::1 - - [02/Nov/2024:20:55:43 +0000] "GET /data/uploads/re-1730580942827-avatar-2.jpg HTTP/1.1" 200 15955 {}
::1 ::1 - - [02/Nov/2024:20:56:08 +0000] "POST /images/multiple HTTP/1.1" 200 179 {"_id":"","images":[{"name":"re-1730580942826-avatar-1.jpg","status":false,"alt":"1c","title":"s1","_id":"672691e8970251301afe6a9a"},{"name":"re-1730580942827-avatar-2.jpg","status":false,"alt":"2c","title":"s2","_id":"672691e8970251301afe6a9b"},{"name":"re-1730580942827-avatar-4.jpg","status":false,"alt":"3c","title":"s3","_id":"672691e8970251301afe6a9c"},{"name":"re-1730580942828-avatar-5.jpg","status":false,"alt":"r1","title":"r","_id":"672691e8970251301afe6a9d"}],"createdAt":""}
::1 ::1 - - [02/Nov/2024:20:56:46 +0000] "POST /uploads/ HTTP/1.1" 200 206 {}
::1 ::1 - - [02/Nov/2024:20:56:46 +0000] "GET /data/uploads/re-1730581006574-avatar-3.jpg HTTP/1.1" 200 12011 {}
::1 ::1 - - [02/Nov/2024:20:56:47 +0000] "GET /data/uploads/re-1730581006574-avatar-4.jpg HTTP/1.1" 200 11981 {}
::1 ::1 - - [02/Nov/2024:20:56:47 +0000] "GET /data/uploads/re-1730581006575-avatar-5.jpg HTTP/1.1" 200 12611 {}
::1 ::1 - - [02/Nov/2024:20:58:50 +0000] "GET /data/uploads/re-1730581006574-avatar-3.jpg HTTP/1.1" 304 - {}
::1 ::1 - - [02/Nov/2024:20:58:50 +0000] "GET /data/uploads/re-1730581006574-avatar-4.jpg HTTP/1.1" 304 - {}
::1 ::1 - - [02/Nov/2024:20:58:50 +0000] "GET /data/uploads/re-1730581006575-avatar-5.jpg HTTP/1.1" 304 - {}
::1 ::1 - - [02/Nov/2024:20:58:55 +0000] "POST /uploads/ HTTP/1.1" 200 76 {}
::1 ::1 - - [02/Nov/2024:20:58:55 +0000] "GET /data/uploads/re-1730581135224-avatar-2.jpg HTTP/1.1" 200 15955 {}
::1 ::1 - - [02/Nov/2024:20:59:27 +0000] "POST /uploads/ HTTP/1.1" 200 206 {}
::1 ::1 - - [02/Nov/2024:20:59:27 +0000] "GET /data/uploads/re-1730581166886-avatar-3.jpg HTTP/1.1" 200 12011 {}
::1 ::1 - - [02/Nov/2024:20:59:27 +0000] "GET /data/uploads/re-1730581166890-avatar-4.jpg HTTP/1.1" 200 11981 {}
::1 ::1 - - [02/Nov/2024:20:59:27 +0000] "GET /data/uploads/re-1730581166893-avatar-5.jpg HTTP/1.1" 200 12611 {}
::1 ::1 - - [02/Nov/2024:21:00:01 +0000] "POST /uploads/ HTTP/1.1" 200 76 {}
::1 ::1 - - [02/Nov/2024:21:00:01 +0000] "GET /data/uploads/re-1730581201809-avatar-5.jpg HTTP/1.1" 200 12611 {}
::1 ::1 - - [02/Nov/2024:21:00:31 +0000] "GET /data/uploads/re-1730581201809-avatar-5.jpg HTTP/1.1" 304 - {}
::1 ::1 - - [02/Nov/2024:21:00:36 +0000] "POST /uploads/ HTTP/1.1" 200 76 {}
::1 ::1 - - [02/Nov/2024:21:00:36 +0000] "GET /data/uploads/re-1730581236135-avatar-2.jpg HTTP/1.1" 200 15955 {}
::1 ::1 - - [02/Nov/2024:21:00:59 +0000] "POST /uploads/ HTTP/1.1" 200 76 {}
::1 ::1 - - [02/Nov/2024:21:00:59 +0000] "GET /data/uploads/re-1730581259083-avatar-5.jpg HTTP/1.1" 200 12611 {}
::1 ::1 - - [02/Nov/2024:21:01:24 +0000] "GET /data/uploads/re-1730581259083-avatar-5.jpg HTTP/1.1" 304 - {}
::1 ::1 - - [02/Nov/2024:21:01:29 +0000] "POST /uploads/ HTTP/1.1" 200 76 {}
::1 ::1 - - [02/Nov/2024:21:01:29 +0000] "GET /data/uploads/re-1730581289257-avatar-2.jpg HTTP/1.1" 200 15955 {}
::1 ::1 - - [02/Nov/2024:21:02:59 +0000] "GET /data/uploads/re-1730581289257-avatar-2.jpg HTTP/1.1" 304 - {}
::1 ::1 - - [02/Nov/2024:21:03:05 +0000] "POST /uploads/ HTTP/1.1" 200 400 {}
::1 ::1 - - [02/Nov/2024:21:03:05 +0000] "GET /data/uploads/re-1730581385313-about-1.png HTTP/1.1" 200 14544 {}
::1 ::1 - - [02/Nov/2024:21:03:05 +0000] "GET /data/uploads/re-1730581385330-avatar-1.jpg HTTP/1.1" 200 11003 {}
::1 ::1 - - [02/Nov/2024:21:03:05 +0000] "GET /data/uploads/re-1730581385332-avatar-2.jpg HTTP/1.1" 200 15955 {}
::1 ::1 - - [02/Nov/2024:21:03:05 +0000] "GET /data/uploads/re-1730581385334-avatar-3.jpg HTTP/1.1" 200 12011 {}
::1 ::1 - - [02/Nov/2024:21:03:05 +0000] "GET /data/uploads/re-1730581385335-avatar-4.jpg HTTP/1.1" 200 11981 {}
::1 ::1 - - [02/Nov/2024:21:03:05 +0000] "GET /data/uploads/re-1730581385339-avatar-5.jpg HTTP/1.1" 200 12611 {}
::1 ::1 - - [02/Nov/2024:21:15:05 +0000] "GET /images?page=1 HTTP/1.1" 200 1348 {}
::1 ::1 - - [02/Nov/2024:21:15:05 +0000] "GET /data/uploads/undefined HTTP/1.1" 404 161 {}
::1 ::1 - - [02/Nov/2024:21:15:27 +0000] "GET /images?page=1 HTTP/1.1" 304 - {}
::1 ::1 - - [02/Nov/2024:21:15:28 +0000] "GET /data/uploads/re-1730580663963-avatar-1.jpg HTTP/1.1" 304 - {}
::1 ::1 - - [02/Nov/2024:21:15:28 +0000] "GET /data/uploads/re-1730580663963-avatar-2.jpg HTTP/1.1" 304 - {}
::1 ::1 - - [02/Nov/2024:21:15:28 +0000] "GET /data/uploads/re-1730580733632-avatar-1.jpg HTTP/1.1" 304 - {}
::1 ::1 - - [02/Nov/2024:21:15:28 +0000] "GET /data/uploads/re-1730580733633-avatar-2.jpg HTTP/1.1" 304 - {}
::1 ::1 - - [02/Nov/2024:21:15:28 +0000] "GET /data/uploads/re-1730580872549-avatar-2.jpg HTTP/1.1" 304 - {}
::1 ::1 - - [02/Nov/2024:21:15:28 +0000] "GET /data/uploads/re-1730580942826-avatar-1.jpg HTTP/1.1" 304 - {}
::1 ::1 - - [02/Nov/2024:21:15:28 +0000] "GET /data/uploads/re-1730580942827-avatar-2.jpg HTTP/1.1" 304 - {}
::1 ::1 - - [02/Nov/2024:21:15:28 +0000] "GET /data/uploads/re-1730580942828-avatar-5.jpg HTTP/1.1" 304 - {}
::1 ::1 - - [02/Nov/2024:21:15:28 +0000] "GET /data/uploads/re-1730580942827-avatar-4.jpg HTTP/1.1" 304 - {}
::1 ::1 - - [02/Nov/2024:21:15:42 +0000] "GET /images?page=1 HTTP/1.1" 304 - {}
::1 ::1 - - [02/Nov/2024:21:15:52 +0000] "GET /images?page=1 HTTP/1.1" 304 - {}
::1 ::1 - - [02/Nov/2024:21:16:13 +0000] "GET /images?page=1 HTTP/1.1" 304 - {}
::1 ::1 - - [02/Nov/2024:21:16:52 +0000] "GET /images?page=1 HTTP/1.1" 304 - {}
::1 ::1 - - [02/Nov/2024:21:16:53 +0000] "GET /images?page=1 HTTP/1.1" 304 - {}
